{"C:\\Users\\PC\\Desktop\\Carbon-Ledger\\src\\components\\dashboard.js": {"path":"C:\\Users\\PC\\Desktop\\Carbon-Ledger\\src\\components\\dashboard.js","statementMap":{"0":{"start":{"line":18,"column":2},"end":{"line":18,"column":null}},"1":{"start":{"line":19,"column":2},"end":{"line":19,"column":null}},"2":{"start":{"line":20,"column":2},"end":{"line":20,"column":null}},"3":{"start":{"line":21,"column":2},"end":{"line":21,"column":null}},"4":{"start":{"line":23,"column":2},"end":{"line":23,"column":null}},"5":{"start":{"line":23,"column":16},"end":{"line":23,"column":null}},"6":{"start":{"line":25,"column":2},"end":{"line":25,"column":null}},"7":{"start":{"line":26,"column":20},"end":{"line":26,"column":39}},"8":{"start":{"line":27,"column":18},"end":{"line":27,"column":60}},"9":{"start":{"line":29,"column":17},"end":{"line":29,"column":34}},"10":{"start":{"line":30,"column":2},"end":{"line":31,"column":null}},"11":{"start":{"line":30,"column":21},"end":{"line":30,"column":null}},"12":{"start":{"line":31,"column":7},"end":{"line":31,"column":null}},"13":{"start":{"line":31,"column":25},"end":{"line":31,"column":null}},"14":{"start":{"line":34,"column":20},"end":{"line":34,"column":37}},"15":{"start":{"line":35,"column":2},"end":{"line":35,"column":null}},"16":{"start":{"line":35,"column":23},"end":{"line":35,"column":null}},"17":{"start":{"line":37,"column":25},"end":{"line":37,"column":64}},"18":{"start":{"line":37,"column":45},"end":{"line":37,"column":56}},"19":{"start":{"line":38,"column":2},"end":{"line":41,"column":null}},"20":{"start":{"line":43,"column":21},"end":{"line":43,"column":47}},"21":{"start":{"line":45,"column":2},"end":{"line":166,"column":null}},"22":{"start":{"line":99,"column":25},"end":{"line":105,"column":null}},"23":{"start":{"line":170,"column":17},"end":{"line":170,"column":57}},"24":{"start":{"line":171,"column":2},"end":{"line":184,"column":null}},"25":{"start":{"line":172,"column":20},"end":{"line":172,"column":62}},"26":{"start":{"line":173,"column":22},"end":{"line":173,"column":39}},"27":{"start":{"line":174,"column":4},"end":{"line":174,"column":null}},"28":{"start":{"line":174,"column":25},"end":{"line":174,"column":null}},"29":{"start":{"line":177,"column":27},"end":{"line":177,"column":66}},"30":{"start":{"line":177,"column":47},"end":{"line":177,"column":58}},"31":{"start":{"line":178,"column":4},"end":{"line":181,"column":null}},"32":{"start":{"line":183,"column":3},"end":{"line":183,"column":null}},"33":{"start":{"line":187,"column":2},"end":{"line":187,"column":null}},"34":{"start":{"line":189,"column":2},"end":{"line":211,"column":null}},"35":{"start":{"line":192,"column":25},"end":{"line":192,"column":159}},"36":{"start":{"line":193,"column":6},"end":{"line":205,"column":null}},"37":{"start":{"line":194,"column":8},"end":{"line":202,"column":null}},"38":{"start":{"line":195,"column":10},"end":{"line":199,"column":null}},"39":{"start":{"line":201,"column":10},"end":{"line":201,"column":null}},"40":{"start":{"line":201,"column":39},"end":{"line":201,"column":null}},"41":{"start":{"line":204,"column":8},"end":{"line":204,"column":null}},"42":{"start":{"line":207,"column":8},"end":{"line":209,"column":null}},"43":{"start":{"line":208,"column":10},"end":{"line":208,"column":null}},"44":{"start":{"line":215,"column":24},"end":{"line":215,"column":36}},"45":{"start":{"line":216,"column":18},"end":{"line":232,"column":3}},"46":{"start":{"line":235,"column":23},"end":{"line":235,"column":24}},"47":{"start":{"line":236,"column":4},"end":{"line":246,"column":null}},"48":{"start":{"line":237,"column":6},"end":{"line":237,"column":null}},"49":{"start":{"line":237,"column":17},"end":{"line":237,"column":null}},"50":{"start":{"line":238,"column":16},"end":{"line":238,"column":40}},"51":{"start":{"line":239,"column":6},"end":{"line":239,"column":null}},"52":{"start":{"line":240,"column":24},"end":{"line":240,"column":55}},"53":{"start":{"line":241,"column":6},"end":{"line":245,"column":null}},"54":{"start":{"line":242,"column":8},"end":{"line":242,"column":null}},"55":{"start":{"line":244,"column":8},"end":{"line":244,"column":null}},"56":{"start":{"line":248,"column":4},"end":{"line":257,"column":null}},"57":{"start":{"line":249,"column":22},"end":{"line":249,"column":47}},"58":{"start":{"line":250,"column":24},"end":{"line":250,"column":67}},"59":{"start":{"line":251,"column":6},"end":{"line":252,"column":null}},"60":{"start":{"line":253,"column":6},"end":{"line":254,"column":null}},"61":{"start":{"line":255,"column":6},"end":{"line":255,"column":null}},"62":{"start":{"line":256,"column":6},"end":{"line":256,"column":null}},"63":{"start":{"line":260,"column":2},"end":{"line":262,"column":null}},"64":{"start":{"line":261,"column":4},"end":{"line":261,"column":null}},"65":{"start":{"line":261,"column":14},"end":{"line":261,"column":null}},"66":{"start":{"line":264,"column":20},"end":{"line":264,"column":60}},"67":{"start":{"line":265,"column":2},"end":{"line":305,"column":null}},"68":{"start":{"line":266,"column":4},"end":{"line":304,"column":null}},"69":{"start":{"line":267,"column":19},"end":{"line":267,"column":70}},"70":{"start":{"line":268,"column":6},"end":{"line":268,"column":null}},"71":{"start":{"line":268,"column":17},"end":{"line":268,"column":null}},"72":{"start":{"line":270,"column":21},"end":{"line":270,"column":62}},"73":{"start":{"line":271,"column":24},"end":{"line":271,"column":64}},"74":{"start":{"line":273,"column":6},"end":{"line":273,"column":null}},"75":{"start":{"line":274,"column":6},"end":{"line":274,"column":null}},"76":{"start":{"line":275,"column":6},"end":{"line":275,"column":null}},"77":{"start":{"line":277,"column":25},"end":{"line":277,"column":64}},"78":{"start":{"line":278,"column":18},"end":{"line":278,"column":77}},"79":{"start":{"line":280,"column":6},"end":{"line":280,"column":null}},"80":{"start":{"line":281,"column":6},"end":{"line":281,"column":null}},"81":{"start":{"line":283,"column":6},"end":{"line":286,"column":null}},"82":{"start":{"line":284,"column":8},"end":{"line":284,"column":null}},"83":{"start":{"line":285,"column":8},"end":{"line":285,"column":null}},"84":{"start":{"line":288,"column":25},"end":{"line":288,"column":47}},"85":{"start":{"line":290,"column":6},"end":{"line":303,"column":null}},"86":{"start":{"line":309,"column":0},"end":{"line":316,"column":null}},"87":{"start":{"line":310,"column":2},"end":{"line":315,"column":null}},"88":{"start":{"line":314,"column":3},"end":{"line":314,"column":null}}},"fnMap":{"0":{"name":"render","decl":{"start":{"line":17,"column":22},"end":{"line":17,"column":28}},"loc":{"start":{"line":17,"column":31},"end":{"line":167,"column":null}},"line":17},"1":{"name":"(anonymous_1)","decl":{"start":{"line":37,"column":38},"end":{"line":37,"column":39}},"loc":{"start":{"line":37,"column":45},"end":{"line":37,"column":56}},"line":37},"2":{"name":"(anonymous_2)","decl":{"start":{"line":99,"column":18},"end":{"line":99,"column":19}},"loc":{"start":{"line":99,"column":25},"end":{"line":105,"column":null}},"line":99},"3":{"name":"init","decl":{"start":{"line":169,"column":16},"end":{"line":169,"column":20}},"loc":{"start":{"line":169,"column":23},"end":{"line":212,"column":null}},"line":169},"4":{"name":"(anonymous_4)","decl":{"start":{"line":177,"column":40},"end":{"line":177,"column":41}},"loc":{"start":{"line":177,"column":47},"end":{"line":177,"column":58}},"line":177},"5":{"name":"(anonymous_5)","decl":{"start":{"line":191,"column":32},"end":{"line":191,"column":37}},"loc":{"start":{"line":191,"column":44},"end":{"line":211,"column":5}},"line":191},"6":{"name":"fallback","decl":{"start":{"line":206,"column":15},"end":{"line":206,"column":23}},"loc":{"start":{"line":206,"column":26},"end":{"line":210,"column":null}},"line":206},"7":{"name":"(anonymous_7)","decl":{"start":{"line":207,"column":55},"end":{"line":207,"column":56}},"loc":{"start":{"line":207,"column":61},"end":{"line":209,"column":9}},"line":207},"8":{"name":"initSimulator","decl":{"start":{"line":214,"column":9},"end":{"line":214,"column":22}},"loc":{"start":{"line":214,"column":25},"end":{"line":306,"column":null}},"line":214},"9":{"name":"updateSimulation","decl":{"start":{"line":234,"column":11},"end":{"line":234,"column":27}},"loc":{"start":{"line":234,"column":30},"end":{"line":258,"column":null}},"line":234},"10":{"name":"(anonymous_10)","decl":{"start":{"line":236,"column":20},"end":{"line":236,"column":21}},"loc":{"start":{"line":236,"column":27},"end":{"line":246,"column":5}},"line":236},"11":{"name":"(anonymous_11)","decl":{"start":{"line":248,"column":48},"end":{"line":248,"column":49}},"loc":{"start":{"line":248,"column":69},"end":{"line":257,"column":5}},"line":248},"12":{"name":"(anonymous_12)","decl":{"start":{"line":260,"column":18},"end":{"line":260,"column":19}},"loc":{"start":{"line":260,"column":25},"end":{"line":262,"column":3}},"line":260},"13":{"name":"(anonymous_13)","decl":{"start":{"line":266,"column":40},"end":{"line":266,"column":45}},"loc":{"start":{"line":266,"column":52},"end":{"line":304,"column":5}},"line":266},"14":{"name":"(anonymous_14)","decl":{"start":{"line":309,"column":38},"end":{"line":309,"column":39}},"loc":{"start":{"line":309,"column":44},"end":{"line":316,"column":1}},"line":309}},"branchMap":{"0":{"loc":{"start":{"line":23,"column":2},"end":{"line":23,"column":null}},"type":"if","locations":[{"start":{"line":23,"column":2},"end":{"line":23,"column":null}},{"start":{},"end":{}}],"line":23},"1":{"loc":{"start":{"line":30,"column":2},"end":{"line":31,"column":null}},"type":"if","locations":[{"start":{"line":30,"column":2},"end":{"line":31,"column":null}},{"start":{"line":31,"column":7},"end":{"line":31,"column":null}}],"line":30},"2":{"loc":{"start":{"line":31,"column":7},"end":{"line":31,"column":null}},"type":"if","locations":[{"start":{"line":31,"column":7},"end":{"line":31,"column":null}},{"start":{},"end":{}}],"line":31},"3":{"loc":{"start":{"line":35,"column":2},"end":{"line":35,"column":null}},"type":"if","locations":[{"start":{"line":35,"column":2},"end":{"line":35,"column":null}},{"start":{},"end":{}}],"line":35},"4":{"loc":{"start":{"line":51,"column":14},"end":{"line":51,"column":36}},"type":"binary-expr","locations":[{"start":{"line":51,"column":14},"end":{"line":51,"column":28}},{"start":{"line":51,"column":32},"end":{"line":51,"column":36}}],"line":51},"5":{"loc":{"start":{"line":78,"column":34},"end":{"line":78,"column":66}},"type":"cond-expr","locations":[{"start":{"line":78,"column":55},"end":{"line":78,"column":59}},{"start":{"line":78,"column":62},"end":{"line":78,"column":66}}],"line":78},"6":{"loc":{"start":{"line":90,"column":12},"end":{"line":108,"column":null}},"type":"cond-expr","locations":[{"start":{"line":91,"column":16},"end":{"line":94,"column":null}},{"start":{"line":95,"column":16},"end":{"line":108,"column":null}}],"line":90},"7":{"loc":{"start":{"line":101,"column":58},"end":{"line":101,"column":92}},"type":"binary-expr","locations":[{"start":{"line":101,"column":58},"end":{"line":101,"column":84}},{"start":{"line":101,"column":88},"end":{"line":101,"column":92}}],"line":101},"8":{"loc":{"start":{"line":171,"column":2},"end":{"line":184,"column":null}},"type":"if","locations":[{"start":{"line":171,"column":2},"end":{"line":184,"column":null}},{"start":{},"end":{}}],"line":171},"9":{"loc":{"start":{"line":174,"column":4},"end":{"line":174,"column":null}},"type":"if","locations":[{"start":{"line":174,"column":4},"end":{"line":174,"column":null}},{"start":{},"end":{}}],"line":174},"10":{"loc":{"start":{"line":193,"column":6},"end":{"line":205,"column":null}},"type":"if","locations":[{"start":{"line":193,"column":6},"end":{"line":205,"column":null}},{"start":{"line":203,"column":13},"end":{"line":205,"column":null}}],"line":193},"11":{"loc":{"start":{"line":201,"column":10},"end":{"line":201,"column":null}},"type":"if","locations":[{"start":{"line":201,"column":10},"end":{"line":201,"column":null}},{"start":{},"end":{}}],"line":201},"12":{"loc":{"start":{"line":237,"column":6},"end":{"line":237,"column":null}},"type":"if","locations":[{"start":{"line":237,"column":6},"end":{"line":237,"column":null}},{"start":{},"end":{}}],"line":237},"13":{"loc":{"start":{"line":241,"column":6},"end":{"line":245,"column":null}},"type":"if","locations":[{"start":{"line":241,"column":6},"end":{"line":245,"column":null}},{"start":{"line":243,"column":13},"end":{"line":245,"column":null}}],"line":241},"14":{"loc":{"start":{"line":261,"column":4},"end":{"line":261,"column":null}},"type":"if","locations":[{"start":{"line":261,"column":4},"end":{"line":261,"column":null}},{"start":{},"end":{}}],"line":261},"15":{"loc":{"start":{"line":265,"column":2},"end":{"line":305,"column":null}},"type":"if","locations":[{"start":{"line":265,"column":2},"end":{"line":305,"column":null}},{"start":{},"end":{}}],"line":265},"16":{"loc":{"start":{"line":268,"column":6},"end":{"line":268,"column":null}},"type":"if","locations":[{"start":{"line":268,"column":6},"end":{"line":268,"column":null}},{"start":{},"end":{}}],"line":268},"17":{"loc":{"start":{"line":278,"column":49},"end":{"line":278,"column":74}},"type":"binary-expr","locations":[{"start":{"line":278,"column":49},"end":{"line":278,"column":66}},{"start":{"line":278,"column":70},"end":{"line":278,"column":74}}],"line":278},"18":{"loc":{"start":{"line":283,"column":6},"end":{"line":286,"column":null}},"type":"if","locations":[{"start":{"line":283,"column":6},"end":{"line":286,"column":null}},{"start":{},"end":{}}],"line":283},"19":{"loc":{"start":{"line":283,"column":10},"end":{"line":283,"column":30}},"type":"binary-expr","locations":[{"start":{"line":283,"column":10},"end":{"line":283,"column":14}},{"start":{"line":283,"column":18},"end":{"line":283,"column":30}}],"line":283},"20":{"loc":{"start":{"line":292,"column":58},"end":{"line":292,"column":101}},"type":"cond-expr","locations":[{"start":{"line":292,"column":71},"end":{"line":292,"column":89}},{"start":{"line":292,"column":92},"end":{"line":292,"column":101}}],"line":292},"21":{"loc":{"start":{"line":292,"column":106},"end":{"line":292,"column":130}},"type":"cond-expr","locations":[{"start":{"line":292,"column":119},"end":{"line":292,"column":123}},{"start":{"line":292,"column":126},"end":{"line":292,"column":130}}],"line":292},"22":{"loc":{"start":{"line":296,"column":74},"end":{"line":296,"column":124}},"type":"cond-expr","locations":[{"start":{"line":296,"column":87},"end":{"line":296,"column":105}},{"start":{"line":296,"column":108},"end":{"line":296,"column":124}}],"line":296},"23":{"loc":{"start":{"line":297,"column":18},"end":{"line":297,"column":40}},"type":"cond-expr","locations":[{"start":{"line":297,"column":31},"end":{"line":297,"column":34}},{"start":{"line":297,"column":37},"end":{"line":297,"column":40}}],"line":297},"24":{"loc":{"start":{"line":310,"column":2},"end":{"line":315,"column":null}},"type":"if","locations":[{"start":{"line":310,"column":2},"end":{"line":315,"column":null}},{"start":{},"end":{}}],"line":310},"25":{"loc":{"start":{"line":311,"column":4},"end":{"line":312,"column":null}},"type":"binary-expr","locations":[{"start":{"line":311,"column":4},"end":{"line":311,"column":41}},{"start":{"line":312,"column":4},"end":{"line":312,"column":null}}],"line":311}},"s":{"0":2,"1":2,"2":2,"3":2,"4":2,"5":1,"6":1,"7":1,"8":1,"9":1,"10":1,"11":0,"12":1,"13":0,"14":1,"15":1,"16":0,"17":1,"18":0,"19":1,"20":1,"21":1,"22":1,"23":0,"24":0,"25":0,"26":0,"27":0,"28":0,"29":0,"30":0,"31":0,"32":0,"33":0,"34":0,"35":0,"36":0,"37":0,"38":0,"39":0,"40":0,"41":0,"42":0,"43":0,"44":0,"45":0,"46":0,"47":0,"48":0,"49":0,"50":0,"51":0,"52":0,"53":0,"54":0,"55":0,"56":0,"57":0,"58":0,"59":0,"60":0,"61":0,"62":0,"63":0,"64":0,"65":0,"66":0,"67":0,"68":0,"69":0,"70":0,"71":0,"72":0,"73":0,"74":0,"75":0,"76":0,"77":0,"78":0,"79":0,"80":0,"81":0,"82":0,"83":0,"84":0,"85":0,"86":1,"87":0,"88":0},"f":{"0":2,"1":0,"2":1,"3":0,"4":0,"5":0,"6":0,"7":0,"8":0,"9":0,"10":0,"11":0,"12":0,"13":0,"14":0},"b":{"0":[1,1],"1":[0,1],"2":[0,1],"3":[0,1],"4":[1,1],"5":[1,0],"6":[0,1],"7":[1,0],"8":[0,0],"9":[0,0],"10":[0,0],"11":[0,0],"12":[0,0],"13":[0,0],"14":[0,0],"15":[0,0],"16":[0,0],"17":[0,0],"18":[0,0],"19":[0,0],"20":[0,0],"21":[0,0],"22":[0,0],"23":[0,0],"24":[0,0],"25":[0,0]},"meta":{"lastBranch":26,"lastFunction":15,"lastStatement":89,"seen":{"f:17:22:17:28":0,"s:18:2:18:Infinity":0,"s:19:2:19:Infinity":1,"s:20:2:20:Infinity":2,"s:21:2:21:Infinity":3,"b:23:2:23:Infinity:undefined:undefined:undefined:undefined":0,"s:23:2:23:Infinity":4,"s:23:16:23:Infinity":5,"s:25:2:25:Infinity":6,"s:26:20:26:39":7,"s:27:18:27:60":8,"s:29:17:29:34":9,"b:30:2:31:Infinity:31:7:31:Infinity":1,"s:30:2:31:Infinity":10,"s:30:21:30:Infinity":11,"b:31:7:31:Infinity:undefined:undefined:undefined:undefined":2,"s:31:7:31:Infinity":12,"s:31:25:31:Infinity":13,"s:34:20:34:37":14,"b:35:2:35:Infinity:undefined:undefined:undefined:undefined":3,"s:35:2:35:Infinity":15,"s:35:23:35:Infinity":16,"s:37:25:37:64":17,"f:37:38:37:39":1,"s:37:45:37:56":18,"s:38:2:41:Infinity":19,"s:43:21:43:47":20,"s:45:2:166:Infinity":21,"b:51:14:51:28:51:32:51:36":4,"b:78:55:78:59:78:62:78:66":5,"b:91:16:94:Infinity:95:16:108:Infinity":6,"f:99:18:99:19":2,"s:99:25:105:Infinity":22,"b:101:58:101:84:101:88:101:92":7,"f:169:16:169:20":3,"s:170:17:170:57":23,"b:171:2:184:Infinity:undefined:undefined:undefined:undefined":8,"s:171:2:184:Infinity":24,"s:172:20:172:62":25,"s:173:22:173:39":26,"b:174:4:174:Infinity:undefined:undefined:undefined:undefined":9,"s:174:4:174:Infinity":27,"s:174:25:174:Infinity":28,"s:177:27:177:66":29,"f:177:40:177:41":4,"s:177:47:177:58":30,"s:178:4:181:Infinity":31,"s:183:3:183:Infinity":32,"s:187:2:187:Infinity":33,"s:189:2:211:Infinity":34,"f:191:32:191:37":5,"s:192:25:192:159":35,"b:193:6:205:Infinity:203:13:205:Infinity":10,"s:193:6:205:Infinity":36,"s:194:8:202:Infinity":37,"s:195:10:199:Infinity":38,"b:201:10:201:Infinity:undefined:undefined:undefined:undefined":11,"s:201:10:201:Infinity":39,"s:201:39:201:Infinity":40,"s:204:8:204:Infinity":41,"f:206:15:206:23":6,"s:207:8:209:Infinity":42,"f:207:55:207:56":7,"s:208:10:208:Infinity":43,"f:214:9:214:22":8,"s:215:24:215:36":44,"s:216:18:232:3":45,"f:234:11:234:27":9,"s:235:23:235:24":46,"s:236:4:246:Infinity":47,"f:236:20:236:21":10,"b:237:6:237:Infinity:undefined:undefined:undefined:undefined":12,"s:237:6:237:Infinity":48,"s:237:17:237:Infinity":49,"s:238:16:238:40":50,"s:239:6:239:Infinity":51,"s:240:24:240:55":52,"b:241:6:245:Infinity:243:13:245:Infinity":13,"s:241:6:245:Infinity":53,"s:242:8:242:Infinity":54,"s:244:8:244:Infinity":55,"s:248:4:257:Infinity":56,"f:248:48:248:49":11,"s:249:22:249:47":57,"s:250:24:250:67":58,"s:251:6:252:Infinity":59,"s:253:6:254:Infinity":60,"s:255:6:255:Infinity":61,"s:256:6:256:Infinity":62,"s:260:2:262:Infinity":63,"f:260:18:260:19":12,"b:261:4:261:Infinity:undefined:undefined:undefined:undefined":14,"s:261:4:261:Infinity":64,"s:261:14:261:Infinity":65,"s:264:20:264:60":66,"b:265:2:305:Infinity:undefined:undefined:undefined:undefined":15,"s:265:2:305:Infinity":67,"s:266:4:304:Infinity":68,"f:266:40:266:45":13,"s:267:19:267:70":69,"b:268:6:268:Infinity:undefined:undefined:undefined:undefined":16,"s:268:6:268:Infinity":70,"s:268:17:268:Infinity":71,"s:270:21:270:62":72,"s:271:24:271:64":73,"s:273:6:273:Infinity":74,"s:274:6:274:Infinity":75,"s:275:6:275:Infinity":76,"s:277:25:277:64":77,"s:278:18:278:77":78,"b:278:49:278:66:278:70:278:74":17,"s:280:6:280:Infinity":79,"s:281:6:281:Infinity":80,"b:283:6:286:Infinity:undefined:undefined:undefined:undefined":18,"s:283:6:286:Infinity":81,"b:283:10:283:14:283:18:283:30":19,"s:284:8:284:Infinity":82,"s:285:8:285:Infinity":83,"s:288:25:288:47":84,"s:290:6:303:Infinity":85,"b:292:71:292:89:292:92:292:101":20,"b:292:119:292:123:292:126:292:130":21,"b:296:87:296:105:296:108:296:124":22,"b:297:31:297:34:297:37:297:40":23,"s:309:0:316:Infinity":86,"f:309:38:309:39":14,"b:310:2:315:Infinity:undefined:undefined:undefined:undefined":24,"s:310:2:315:Infinity":87,"b:311:4:311:41:312:4:312:Infinity":25,"s:314:3:314:Infinity":88},"fnNames":{}}}
,"C:\\Users\\PC\\Desktop\\Carbon-Ledger\\src\\components\\forest.js": {"path":"C:\\Users\\PC\\Desktop\\Carbon-Ledger\\src\\components\\forest.js","statementMap":{"0":{"start":{"line":8,"column":18},"end":{"line":8,"column":19}},"1":{"start":{"line":9,"column":20},"end":{"line":9,"column":21}},"2":{"start":{"line":10,"column":11},"end":{"line":10,"column":12}},"3":{"start":{"line":13,"column":12},"end":{"line":13,"column":14}},"4":{"start":{"line":14,"column":16},"end":{"line":14,"column":18}},"5":{"start":{"line":15,"column":13},"end":{"line":15,"column":15}},"6":{"start":{"line":16,"column":16},"end":{"line":16,"column":17}},"7":{"start":{"line":22,"column":2},"end":{"line":22,"column":null}},"8":{"start":{"line":22,"column":24},"end":{"line":22,"column":null}},"9":{"start":{"line":23,"column":2},"end":{"line":23,"column":null}},"10":{"start":{"line":25,"column":2},"end":{"line":25,"column":null}},"11":{"start":{"line":26,"column":2},"end":{"line":26,"column":null}},"12":{"start":{"line":27,"column":2},"end":{"line":27,"column":null}},"13":{"start":{"line":28,"column":2},"end":{"line":28,"column":null}},"14":{"start":{"line":31,"column":2},"end":{"line":31,"column":null}},"15":{"start":{"line":34,"column":2},"end":{"line":34,"column":null}},"16":{"start":{"line":36,"column":2},"end":{"line":36,"column":null}},"17":{"start":{"line":36,"column":22},"end":{"line":36,"column":null}},"18":{"start":{"line":37,"column":2},"end":{"line":43,"column":null}},"19":{"start":{"line":38,"column":4},"end":{"line":42,"column":null}},"20":{"start":{"line":39,"column":6},"end":{"line":41,"column":null}},"21":{"start":{"line":40,"column":8},"end":{"line":40,"column":null}},"22":{"start":{"line":44,"column":2},"end":{"line":44,"column":null}},"23":{"start":{"line":47,"column":2},"end":{"line":47,"column":null}},"24":{"start":{"line":52,"column":2},"end":{"line":65,"column":null}},"25":{"start":{"line":53,"column":4},"end":{"line":53,"column":null}},"26":{"start":{"line":56,"column":23},"end":{"line":64,"column":10}},"27":{"start":{"line":57,"column":19},"end":{"line":57,"column":42}},"28":{"start":{"line":58,"column":6},"end":{"line":63,"column":null}},"29":{"start":{"line":59,"column":8},"end":{"line":59,"column":null}},"30":{"start":{"line":60,"column":8},"end":{"line":60,"column":null}},"31":{"start":{"line":62,"column":8},"end":{"line":62,"column":null}},"32":{"start":{"line":69,"column":15},"end":{"line":69,"column":59}},"33":{"start":{"line":70,"column":2},"end":{"line":70,"column":70}},"34":{"start":{"line":70,"column":63},"end":{"line":70,"column":70}},"35":{"start":{"line":71,"column":2},"end":{"line":71,"column":null}},"36":{"start":{"line":73,"column":2},"end":{"line":73,"column":null}},"37":{"start":{"line":74,"column":2},"end":{"line":74,"column":null}},"38":{"start":{"line":75,"column":2},"end":{"line":75,"column":null}},"39":{"start":{"line":76,"column":2},"end":{"line":76,"column":null}},"40":{"start":{"line":77,"column":2},"end":{"line":77,"column":null}},"41":{"start":{"line":79,"column":2},"end":{"line":79,"column":18}},"42":{"start":{"line":83,"column":16},"end":{"line":83,"column":54}},"43":{"start":{"line":84,"column":17},"end":{"line":84,"column":56}},"44":{"start":{"line":87,"column":2},"end":{"line":87,"column":null}},"45":{"start":{"line":88,"column":19},"end":{"line":88,"column":50}},"46":{"start":{"line":89,"column":2},"end":{"line":100,"column":null}},"47":{"start":{"line":89,"column":15},"end":{"line":89,"column":16}},"48":{"start":{"line":90,"column":4},"end":{"line":99,"column":null}},"49":{"start":{"line":103,"column":2},"end":{"line":103,"column":null}},"50":{"start":{"line":104,"column":2},"end":{"line":111,"column":null}},"51":{"start":{"line":104,"column":15},"end":{"line":104,"column":16}},"52":{"start":{"line":105,"column":4},"end":{"line":110,"column":null}},"53":{"start":{"line":114,"column":2},"end":{"line":114,"column":null}},"54":{"start":{"line":115,"column":2},"end":{"line":117,"column":null}},"55":{"start":{"line":115,"column":15},"end":{"line":115,"column":16}},"56":{"start":{"line":116,"column":4},"end":{"line":116,"column":null}},"57":{"start":{"line":121,"column":16},"end":{"line":121,"column":54}},"58":{"start":{"line":122,"column":17},"end":{"line":122,"column":56}},"59":{"start":{"line":123,"column":2},"end":{"line":131,"column":null}},"60":{"start":{"line":136,"column":13},"end":{"line":136,"column":45}},"61":{"start":{"line":137,"column":9},"end":{"line":137,"column":41}},"62":{"start":{"line":138,"column":9},"end":{"line":138,"column":41}},"63":{"start":{"line":139,"column":13},"end":{"line":139,"column":45}},"64":{"start":{"line":140,"column":9},"end":{"line":140,"column":41}},"65":{"start":{"line":141,"column":9},"end":{"line":141,"column":41}},"66":{"start":{"line":142,"column":12},"end":{"line":142,"column":42}},"67":{"start":{"line":143,"column":12},"end":{"line":143,"column":42}},"68":{"start":{"line":144,"column":12},"end":{"line":144,"column":42}},"69":{"start":{"line":145,"column":2},"end":{"line":145,"column":null}},"70":{"start":{"line":149,"column":2},"end":{"line":149,"column":null}},"71":{"start":{"line":150,"column":16},"end":{"line":150,"column":54}},"72":{"start":{"line":151,"column":17},"end":{"line":151,"column":56}},"73":{"start":{"line":153,"column":2},"end":{"line":153,"column":null}},"74":{"start":{"line":156,"column":24},"end":{"line":156,"column":33}},"75":{"start":{"line":157,"column":21},"end":{"line":157,"column":30}},"76":{"start":{"line":158,"column":17},"end":{"line":158,"column":26}},"77":{"start":{"line":160,"column":24},"end":{"line":160,"column":73}},"78":{"start":{"line":162,"column":15},"end":{"line":162,"column":56}},"79":{"start":{"line":163,"column":2},"end":{"line":163,"column":null}},"80":{"start":{"line":164,"column":2},"end":{"line":164,"column":null}},"81":{"start":{"line":165,"column":2},"end":{"line":165,"column":null}},"82":{"start":{"line":166,"column":2},"end":{"line":166,"column":null}},"83":{"start":{"line":169,"column":2},"end":{"line":181,"column":null}},"84":{"start":{"line":170,"column":4},"end":{"line":170,"column":null}},"85":{"start":{"line":171,"column":4},"end":{"line":171,"column":46}},"86":{"start":{"line":172,"column":4},"end":{"line":172,"column":null}},"87":{"start":{"line":173,"column":4},"end":{"line":173,"column":null}},"88":{"start":{"line":174,"column":4},"end":{"line":174,"column":null}},"89":{"start":{"line":175,"column":4},"end":{"line":175,"column":null}},"90":{"start":{"line":176,"column":4},"end":{"line":176,"column":null}},"91":{"start":{"line":177,"column":4},"end":{"line":177,"column":null}},"92":{"start":{"line":178,"column":4},"end":{"line":178,"column":null}},"93":{"start":{"line":179,"column":4},"end":{"line":179,"column":null}},"94":{"start":{"line":180,"column":4},"end":{"line":180,"column":null}},"95":{"start":{"line":184,"column":2},"end":{"line":184,"column":74}},"96":{"start":{"line":185,"column":2},"end":{"line":202,"column":null}},"97":{"start":{"line":186,"column":4},"end":{"line":186,"column":null}},"98":{"start":{"line":187,"column":4},"end":{"line":187,"column":null}},"99":{"start":{"line":187,"column":27},"end":{"line":187,"column":null}},"100":{"start":{"line":189,"column":4},"end":{"line":189,"column":null}},"101":{"start":{"line":190,"column":4},"end":{"line":190,"column":null}},"102":{"start":{"line":191,"column":4},"end":{"line":191,"column":null}},"103":{"start":{"line":192,"column":4},"end":{"line":192,"column":null}},"104":{"start":{"line":193,"column":4},"end":{"line":193,"column":null}},"105":{"start":{"line":194,"column":4},"end":{"line":194,"column":null}},"106":{"start":{"line":195,"column":4},"end":{"line":195,"column":null}},"107":{"start":{"line":196,"column":4},"end":{"line":196,"column":null}},"108":{"start":{"line":197,"column":4},"end":{"line":197,"column":null}},"109":{"start":{"line":198,"column":4},"end":{"line":198,"column":null}},"110":{"start":{"line":199,"column":4},"end":{"line":199,"column":null}},"111":{"start":{"line":200,"column":4},"end":{"line":200,"column":null}},"112":{"start":{"line":201,"column":4},"end":{"line":201,"column":null}},"113":{"start":{"line":205,"column":24},"end":{"line":205,"column":33}},"114":{"start":{"line":206,"column":21},"end":{"line":206,"column":30}},"115":{"start":{"line":207,"column":2},"end":{"line":207,"column":null}},"116":{"start":{"line":208,"column":2},"end":{"line":208,"column":null}},"117":{"start":{"line":209,"column":2},"end":{"line":209,"column":null}},"118":{"start":{"line":210,"column":2},"end":{"line":210,"column":null}},"119":{"start":{"line":211,"column":2},"end":{"line":211,"column":null}},"120":{"start":{"line":212,"column":2},"end":{"line":212,"column":null}},"121":{"start":{"line":213,"column":2},"end":{"line":213,"column":null}},"122":{"start":{"line":216,"column":22},"end":{"line":216,"column":31}},"123":{"start":{"line":217,"column":19},"end":{"line":217,"column":28}},"124":{"start":{"line":218,"column":16},"end":{"line":218,"column":25}},"125":{"start":{"line":220,"column":2},"end":{"line":260,"column":null}},"126":{"start":{"line":221,"column":4},"end":{"line":221,"column":null}},"127":{"start":{"line":222,"column":4},"end":{"line":222,"column":39}},"128":{"start":{"line":224,"column":6},"end":{"line":224,"column":76}},"129":{"start":{"line":225,"column":4},"end":{"line":225,"column":null}},"130":{"start":{"line":226,"column":4},"end":{"line":226,"column":null}},"131":{"start":{"line":229,"column":4},"end":{"line":229,"column":null}},"132":{"start":{"line":230,"column":4},"end":{"line":230,"column":null}},"133":{"start":{"line":233,"column":4},"end":{"line":233,"column":null}},"134":{"start":{"line":235,"column":4},"end":{"line":257,"column":null}},"135":{"start":{"line":236,"column":6},"end":{"line":236,"column":null}},"136":{"start":{"line":237,"column":6},"end":{"line":237,"column":null}},"137":{"start":{"line":238,"column":6},"end":{"line":238,"column":null}},"138":{"start":{"line":239,"column":6},"end":{"line":239,"column":null}},"139":{"start":{"line":240,"column":6},"end":{"line":240,"column":null}},"140":{"start":{"line":242,"column":6},"end":{"line":242,"column":null}},"141":{"start":{"line":243,"column":6},"end":{"line":243,"column":null}},"142":{"start":{"line":244,"column":6},"end":{"line":244,"column":null}},"143":{"start":{"line":245,"column":6},"end":{"line":245,"column":null}},"144":{"start":{"line":246,"column":6},"end":{"line":246,"column":null}},"145":{"start":{"line":248,"column":6},"end":{"line":248,"column":null}},"146":{"start":{"line":249,"column":6},"end":{"line":249,"column":null}},"147":{"start":{"line":250,"column":6},"end":{"line":250,"column":null}},"148":{"start":{"line":251,"column":6},"end":{"line":251,"column":null}},"149":{"start":{"line":252,"column":6},"end":{"line":252,"column":null}},"150":{"start":{"line":253,"column":6},"end":{"line":253,"column":null}},"151":{"start":{"line":254,"column":6},"end":{"line":254,"column":null}},"152":{"start":{"line":255,"column":6},"end":{"line":255,"column":null}},"153":{"start":{"line":256,"column":6},"end":{"line":256,"column":null}},"154":{"start":{"line":259,"column":4},"end":{"line":259,"column":null}},"155":{"start":{"line":263,"column":24},"end":{"line":263,"column":33}},"156":{"start":{"line":264,"column":21},"end":{"line":264,"column":30}},"157":{"start":{"line":265,"column":2},"end":{"line":265,"column":null}},"158":{"start":{"line":267,"column":2},"end":{"line":280,"column":null}},"159":{"start":{"line":268,"column":4},"end":{"line":268,"column":53}},"160":{"start":{"line":269,"column":4},"end":{"line":269,"column":36}},"161":{"start":{"line":270,"column":4},"end":{"line":270,"column":null}},"162":{"start":{"line":272,"column":4},"end":{"line":275,"column":null}},"163":{"start":{"line":273,"column":6},"end":{"line":273,"column":null}},"164":{"start":{"line":274,"column":6},"end":{"line":274,"column":null}},"165":{"start":{"line":277,"column":4},"end":{"line":277,"column":null}},"166":{"start":{"line":278,"column":4},"end":{"line":278,"column":null}},"167":{"start":{"line":279,"column":4},"end":{"line":279,"column":null}},"168":{"start":{"line":283,"column":2},"end":{"line":300,"column":null}},"169":{"start":{"line":285,"column":4},"end":{"line":285,"column":30}},"170":{"start":{"line":286,"column":4},"end":{"line":299,"column":null}},"171":{"start":{"line":286,"column":17},"end":{"line":286,"column":18}},"172":{"start":{"line":287,"column":17},"end":{"line":287,"column":61}},"173":{"start":{"line":288,"column":17},"end":{"line":288,"column":52}},"174":{"start":{"line":289,"column":6},"end":{"line":289,"column":null}},"175":{"start":{"line":290,"column":6},"end":{"line":290,"column":null}},"176":{"start":{"line":291,"column":6},"end":{"line":291,"column":null}},"177":{"start":{"line":292,"column":6},"end":{"line":292,"column":null}},"178":{"start":{"line":293,"column":6},"end":{"line":293,"column":null}},"179":{"start":{"line":294,"column":6},"end":{"line":294,"column":null}},"180":{"start":{"line":295,"column":6},"end":{"line":295,"column":null}},"181":{"start":{"line":296,"column":6},"end":{"line":296,"column":null}},"182":{"start":{"line":297,"column":6},"end":{"line":297,"column":null}},"183":{"start":{"line":298,"column":6},"end":{"line":298,"column":null}},"184":{"start":{"line":302,"column":2},"end":{"line":325,"column":null}},"185":{"start":{"line":304,"column":15},"end":{"line":304,"column":55}},"186":{"start":{"line":305,"column":15},"end":{"line":305,"column":64}},"187":{"start":{"line":306,"column":4},"end":{"line":306,"column":null}},"188":{"start":{"line":307,"column":4},"end":{"line":307,"column":null}},"189":{"start":{"line":308,"column":4},"end":{"line":308,"column":null}},"190":{"start":{"line":310,"column":4},"end":{"line":310,"column":null}},"191":{"start":{"line":311,"column":4},"end":{"line":311,"column":null}},"192":{"start":{"line":312,"column":4},"end":{"line":312,"column":null}},"193":{"start":{"line":314,"column":4},"end":{"line":314,"column":null}},"194":{"start":{"line":315,"column":4},"end":{"line":315,"column":null}},"195":{"start":{"line":316,"column":4},"end":{"line":316,"column":null}},"196":{"start":{"line":318,"column":4},"end":{"line":318,"column":null}},"197":{"start":{"line":319,"column":4},"end":{"line":319,"column":null}},"198":{"start":{"line":320,"column":4},"end":{"line":320,"column":null}},"199":{"start":{"line":321,"column":4},"end":{"line":321,"column":null}},"200":{"start":{"line":322,"column":4},"end":{"line":322,"column":null}},"201":{"start":{"line":323,"column":4},"end":{"line":323,"column":null}},"202":{"start":{"line":324,"column":4},"end":{"line":324,"column":null}},"203":{"start":{"line":327,"column":2},"end":{"line":358,"column":null}},"204":{"start":{"line":329,"column":15},"end":{"line":329,"column":26}},"205":{"start":{"line":330,"column":15},"end":{"line":330,"column":26}},"206":{"start":{"line":331,"column":4},"end":{"line":331,"column":null}},"207":{"start":{"line":332,"column":4},"end":{"line":332,"column":null}},"208":{"start":{"line":333,"column":4},"end":{"line":333,"column":null}},"209":{"start":{"line":335,"column":4},"end":{"line":335,"column":null}},"210":{"start":{"line":337,"column":4},"end":{"line":337,"column":null}},"211":{"start":{"line":338,"column":4},"end":{"line":338,"column":null}},"212":{"start":{"line":339,"column":4},"end":{"line":339,"column":null}},"213":{"start":{"line":340,"column":4},"end":{"line":340,"column":null}},"214":{"start":{"line":342,"column":4},"end":{"line":342,"column":null}},"215":{"start":{"line":343,"column":4},"end":{"line":343,"column":null}},"216":{"start":{"line":345,"column":4},"end":{"line":345,"column":null}},"217":{"start":{"line":346,"column":4},"end":{"line":346,"column":null}},"218":{"start":{"line":347,"column":4},"end":{"line":347,"column":null}},"219":{"start":{"line":348,"column":4},"end":{"line":348,"column":null}},"220":{"start":{"line":349,"column":4},"end":{"line":349,"column":null}},"221":{"start":{"line":350,"column":4},"end":{"line":350,"column":null}},"222":{"start":{"line":351,"column":4},"end":{"line":351,"column":null}},"223":{"start":{"line":352,"column":4},"end":{"line":352,"column":null}},"224":{"start":{"line":353,"column":4},"end":{"line":353,"column":null}},"225":{"start":{"line":354,"column":4},"end":{"line":354,"column":null}},"226":{"start":{"line":355,"column":4},"end":{"line":355,"column":null}},"227":{"start":{"line":356,"column":4},"end":{"line":356,"column":null}},"228":{"start":{"line":357,"column":4},"end":{"line":357,"column":null}},"229":{"start":{"line":360,"column":2},"end":{"line":360,"column":null}},"230":{"start":{"line":364,"column":2},"end":{"line":367,"column":null}},"231":{"start":{"line":365,"column":4},"end":{"line":365,"column":null}},"232":{"start":{"line":366,"column":4},"end":{"line":366,"column":null}},"233":{"start":{"line":368,"column":2},"end":{"line":371,"column":null}},"234":{"start":{"line":369,"column":4},"end":{"line":369,"column":null}},"235":{"start":{"line":370,"column":4},"end":{"line":370,"column":null}},"236":{"start":{"line":372,"column":2},"end":{"line":372,"column":null}},"237":{"start":{"line":373,"column":2},"end":{"line":373,"column":null}},"238":{"start":{"line":374,"column":2},"end":{"line":374,"column":null}}},"fnMap":{"0":{"name":"initForest","decl":{"start":{"line":20,"column":16},"end":{"line":20,"column":26}},"loc":{"start":{"line":20,"column":73},"end":{"line":48,"column":null}},"line":20},"1":{"name":"(anonymous_1)","decl":{"start":{"line":37,"column":38},"end":{"line":37,"column":39}},"loc":{"start":{"line":37,"column":51},"end":{"line":43,"column":3}},"line":37},"2":{"name":"updateForestHealth","decl":{"start":{"line":50,"column":16},"end":{"line":50,"column":34}},"loc":{"start":{"line":50,"column":65},"end":{"line":66,"column":null}},"line":50},"3":{"name":"(anonymous_3)","decl":{"start":{"line":56,"column":35},"end":{"line":56,"column":36}},"loc":{"start":{"line":56,"column":41},"end":{"line":64,"column":5}},"line":56},"4":{"name":"resize","decl":{"start":{"line":68,"column":9},"end":{"line":68,"column":15}},"loc":{"start":{"line":68,"column":18},"end":{"line":80,"column":null}},"line":68},"5":{"name":"generateScene","decl":{"start":{"line":82,"column":9},"end":{"line":82,"column":22}},"loc":{"start":{"line":82,"column":25},"end":{"line":118,"column":null}},"line":82},"6":{"name":"createParticle","decl":{"start":{"line":120,"column":9},"end":{"line":120,"column":23}},"loc":{"start":{"line":120,"column":26},"end":{"line":132,"column":null}},"line":120},"7":{"name":"lerpColor","decl":{"start":{"line":134,"column":9},"end":{"line":134,"column":18}},"loc":{"start":{"line":134,"column":30},"end":{"line":146,"column":null}},"line":134},"8":{"name":"animate","decl":{"start":{"line":148,"column":9},"end":{"line":148,"column":16}},"loc":{"start":{"line":148,"column":19},"end":{"line":361,"column":null}},"line":148},"9":{"name":"(anonymous_9)","decl":{"start":{"line":185,"column":17},"end":{"line":185,"column":18}},"loc":{"start":{"line":185,"column":24},"end":{"line":202,"column":3}},"line":185},"10":{"name":"(anonymous_10)","decl":{"start":{"line":220,"column":16},"end":{"line":220,"column":17}},"loc":{"start":{"line":220,"column":29},"end":{"line":260,"column":3}},"line":220},"11":{"name":"(anonymous_11)","decl":{"start":{"line":267,"column":20},"end":{"line":267,"column":21}},"loc":{"start":{"line":267,"column":30},"end":{"line":280,"column":3}},"line":267},"12":{"name":"cleanupForest","decl":{"start":{"line":363,"column":16},"end":{"line":363,"column":29}},"loc":{"start":{"line":363,"column":32},"end":{"line":375,"column":null}},"line":363}},"branchMap":{"0":{"loc":{"start":{"line":20,"column":42},"end":{"line":20,"column":59}},"type":"default-arg","locations":[{"start":{"line":20,"column":58},"end":{"line":20,"column":59}}],"line":20},"1":{"loc":{"start":{"line":20,"column":61},"end":{"line":20,"column":71}},"type":"default-arg","locations":[{"start":{"line":20,"column":70},"end":{"line":20,"column":71}}],"line":20},"2":{"loc":{"start":{"line":22,"column":2},"end":{"line":22,"column":null}},"type":"if","locations":[{"start":{"line":22,"column":2},"end":{"line":22,"column":null}},{"start":{},"end":{}}],"line":22},"3":{"loc":{"start":{"line":36,"column":2},"end":{"line":36,"column":null}},"type":"if","locations":[{"start":{"line":36,"column":2},"end":{"line":36,"column":null}},{"start":{},"end":{}}],"line":36},"4":{"loc":{"start":{"line":39,"column":6},"end":{"line":41,"column":null}},"type":"if","locations":[{"start":{"line":39,"column":6},"end":{"line":41,"column":null}},{"start":{},"end":{}}],"line":39},"5":{"loc":{"start":{"line":50,"column":46},"end":{"line":50,"column":63}},"type":"default-arg","locations":[{"start":{"line":50,"column":58},"end":{"line":50,"column":63}}],"line":50},"6":{"loc":{"start":{"line":52,"column":2},"end":{"line":65,"column":null}},"type":"if","locations":[{"start":{"line":52,"column":2},"end":{"line":65,"column":null}},{"start":{"line":54,"column":9},"end":{"line":65,"column":null}}],"line":52},"7":{"loc":{"start":{"line":58,"column":6},"end":{"line":63,"column":null}},"type":"if","locations":[{"start":{"line":58,"column":6},"end":{"line":63,"column":null}},{"start":{"line":61,"column":13},"end":{"line":63,"column":null}}],"line":58},"8":{"loc":{"start":{"line":70,"column":2},"end":{"line":70,"column":70}},"type":"if","locations":[{"start":{"line":70,"column":2},"end":{"line":70,"column":70}},{"start":{},"end":{}}],"line":70},"9":{"loc":{"start":{"line":70,"column":6},"end":{"line":70,"column":61}},"type":"binary-expr","locations":[{"start":{"line":70,"column":6},"end":{"line":70,"column":42}},{"start":{"line":70,"column":46},"end":{"line":70,"column":61}}],"line":70},"10":{"loc":{"start":{"line":98,"column":12},"end":{"line":98,"column":48}},"type":"cond-expr","locations":[{"start":{"line":98,"column":34},"end":{"line":98,"column":40}},{"start":{"line":98,"column":43},"end":{"line":98,"column":48}}],"line":98},"11":{"loc":{"start":{"line":169,"column":2},"end":{"line":181,"column":null}},"type":"if","locations":[{"start":{"line":169,"column":2},"end":{"line":181,"column":null}},{"start":{},"end":{}}],"line":169},"12":{"loc":{"start":{"line":187,"column":4},"end":{"line":187,"column":null}},"type":"if","locations":[{"start":{"line":187,"column":4},"end":{"line":187,"column":null}},{"start":{},"end":{}}],"line":187},"13":{"loc":{"start":{"line":235,"column":4},"end":{"line":257,"column":null}},"type":"if","locations":[{"start":{"line":235,"column":4},"end":{"line":257,"column":null}},{"start":{"line":247,"column":11},"end":{"line":257,"column":null}}],"line":235},"14":{"loc":{"start":{"line":272,"column":4},"end":{"line":275,"column":null}},"type":"if","locations":[{"start":{"line":272,"column":4},"end":{"line":275,"column":null}},{"start":{},"end":{}}],"line":272},"15":{"loc":{"start":{"line":283,"column":2},"end":{"line":300,"column":null}},"type":"if","locations":[{"start":{"line":283,"column":2},"end":{"line":300,"column":null}},{"start":{},"end":{}}],"line":283},"16":{"loc":{"start":{"line":283,"column":6},"end":{"line":283,"column":45}},"type":"binary-expr","locations":[{"start":{"line":283,"column":6},"end":{"line":283,"column":24}},{"start":{"line":283,"column":28},"end":{"line":283,"column":45}}],"line":283},"17":{"loc":{"start":{"line":302,"column":2},"end":{"line":325,"column":null}},"type":"if","locations":[{"start":{"line":302,"column":2},"end":{"line":325,"column":null}},{"start":{},"end":{}}],"line":302},"18":{"loc":{"start":{"line":302,"column":6},"end":{"line":302,"column":46}},"type":"binary-expr","locations":[{"start":{"line":302,"column":6},"end":{"line":302,"column":25}},{"start":{"line":302,"column":29},"end":{"line":302,"column":46}}],"line":302},"19":{"loc":{"start":{"line":327,"column":2},"end":{"line":358,"column":null}},"type":"if","locations":[{"start":{"line":327,"column":2},"end":{"line":358,"column":null}},{"start":{},"end":{}}],"line":327},"20":{"loc":{"start":{"line":327,"column":6},"end":{"line":327,"column":46}},"type":"binary-expr","locations":[{"start":{"line":327,"column":6},"end":{"line":327,"column":25}},{"start":{"line":327,"column":29},"end":{"line":327,"column":46}}],"line":327},"21":{"loc":{"start":{"line":364,"column":2},"end":{"line":367,"column":null}},"type":"if","locations":[{"start":{"line":364,"column":2},"end":{"line":367,"column":null}},{"start":{},"end":{}}],"line":364},"22":{"loc":{"start":{"line":368,"column":2},"end":{"line":371,"column":null}},"type":"if","locations":[{"start":{"line":368,"column":2},"end":{"line":371,"column":null}},{"start":{},"end":{}}],"line":368}},"s":{"0":1,"1":1,"2":1,"3":1,"4":1,"5":1,"6":1,"7":0,"8":0,"9":0,"10":0,"11":0,"12":0,"13":0,"14":0,"15":0,"16":0,"17":0,"18":0,"19":0,"20":0,"21":0,"22":0,"23":0,"24":0,"25":0,"26":0,"27":0,"28":0,"29":0,"30":0,"31":0,"32":0,"33":0,"34":0,"35":0,"36":0,"37":0,"38":0,"39":0,"40":0,"41":0,"42":0,"43":0,"44":0,"45":0,"46":0,"47":0,"48":0,"49":0,"50":0,"51":0,"52":0,"53":0,"54":0,"55":0,"56":0,"57":0,"58":0,"59":0,"60":0,"61":0,"62":0,"63":0,"64":0,"65":0,"66":0,"67":0,"68":0,"69":0,"70":0,"71":0,"72":0,"73":0,"74":0,"75":0,"76":0,"77":0,"78":0,"79":0,"80":0,"81":0,"82":0,"83":0,"84":0,"85":0,"86":0,"87":0,"88":0,"89":0,"90":0,"91":0,"92":0,"93":0,"94":0,"95":0,"96":0,"97":0,"98":0,"99":0,"100":0,"101":0,"102":0,"103":0,"104":0,"105":0,"106":0,"107":0,"108":0,"109":0,"110":0,"111":0,"112":0,"113":0,"114":0,"115":0,"116":0,"117":0,"118":0,"119":0,"120":0,"121":0,"122":0,"123":0,"124":0,"125":0,"126":0,"127":0,"128":0,"129":0,"130":0,"131":0,"132":0,"133":0,"134":0,"135":0,"136":0,"137":0,"138":0,"139":0,"140":0,"141":0,"142":0,"143":0,"144":0,"145":0,"146":0,"147":0,"148":0,"149":0,"150":0,"151":0,"152":0,"153":0,"154":0,"155":0,"156":0,"157":0,"158":0,"159":0,"160":0,"161":0,"162":0,"163":0,"164":0,"165":0,"166":0,"167":0,"168":0,"169":0,"170":0,"171":0,"172":0,"173":0,"174":0,"175":0,"176":0,"177":0,"178":0,"179":0,"180":0,"181":0,"182":0,"183":0,"184":0,"185":0,"186":0,"187":0,"188":0,"189":0,"190":0,"191":0,"192":0,"193":0,"194":0,"195":0,"196":0,"197":0,"198":0,"199":0,"200":0,"201":0,"202":0,"203":0,"204":0,"205":0,"206":0,"207":0,"208":0,"209":0,"210":0,"211":0,"212":0,"213":0,"214":0,"215":0,"216":0,"217":0,"218":0,"219":0,"220":0,"221":0,"222":0,"223":0,"224":0,"225":0,"226":0,"227":0,"228":0,"229":0,"230":0,"231":0,"232":0,"233":0,"234":0,"235":0,"236":0,"237":0,"238":0},"f":{"0":0,"1":0,"2":0,"3":0,"4":0,"5":0,"6":0,"7":0,"8":0,"9":0,"10":0,"11":0,"12":0},"b":{"0":[0],"1":[0],"2":[0,0],"3":[0,0],"4":[0,0],"5":[0],"6":[0,0],"7":[0,0],"8":[0,0],"9":[0,0],"10":[0,0],"11":[0,0],"12":[0,0],"13":[0,0],"14":[0,0],"15":[0,0],"16":[0,0],"17":[0,0],"18":[0,0],"19":[0,0],"20":[0,0],"21":[0,0],"22":[0,0]},"meta":{"lastBranch":23,"lastFunction":13,"lastStatement":239,"seen":{"s:8:18:8:19":0,"s:9:20:9:21":1,"s:10:11:10:12":2,"s:13:12:13:14":3,"s:14:16:14:18":4,"s:15:13:15:15":5,"s:16:16:16:17":6,"f:20:16:20:26":0,"b:20:58:20:59":0,"b:20:70:20:71":1,"b:22:2:22:Infinity:undefined:undefined:undefined:undefined":2,"s:22:2:22:Infinity":7,"s:22:24:22:Infinity":8,"s:23:2:23:Infinity":9,"s:25:2:25:Infinity":10,"s:26:2:26:Infinity":11,"s:27:2:27:Infinity":12,"s:28:2:28:Infinity":13,"s:31:2:31:Infinity":14,"s:34:2:34:Infinity":15,"b:36:2:36:Infinity:undefined:undefined:undefined:undefined":3,"s:36:2:36:Infinity":16,"s:36:22:36:Infinity":17,"s:37:2:43:Infinity":18,"f:37:38:37:39":1,"s:38:4:42:Infinity":19,"b:39:6:41:Infinity:undefined:undefined:undefined:undefined":4,"s:39:6:41:Infinity":20,"s:40:8:40:Infinity":21,"s:44:2:44:Infinity":22,"s:47:2:47:Infinity":23,"f:50:16:50:34":2,"b:50:58:50:63":5,"b:52:2:65:Infinity:54:9:65:Infinity":6,"s:52:2:65:Infinity":24,"s:53:4:53:Infinity":25,"s:56:23:64:10":26,"f:56:35:56:36":3,"s:57:19:57:42":27,"b:58:6:63:Infinity:61:13:63:Infinity":7,"s:58:6:63:Infinity":28,"s:59:8:59:Infinity":29,"s:60:8:60:Infinity":30,"s:62:8:62:Infinity":31,"f:68:9:68:15":4,"s:69:15:69:59":32,"b:70:2:70:70:undefined:undefined:undefined:undefined":8,"s:70:2:70:70":33,"b:70:6:70:42:70:46:70:61":9,"s:70:63:70:70":34,"s:71:2:71:Infinity":35,"s:73:2:73:Infinity":36,"s:74:2:74:Infinity":37,"s:75:2:75:Infinity":38,"s:76:2:76:Infinity":39,"s:77:2:77:Infinity":40,"s:79:2:79:18":41,"f:82:9:82:22":5,"s:83:16:83:54":42,"s:84:17:84:56":43,"s:87:2:87:Infinity":44,"s:88:19:88:50":45,"s:89:2:100:Infinity":46,"s:89:15:89:16":47,"s:90:4:99:Infinity":48,"b:98:34:98:40:98:43:98:48":10,"s:103:2:103:Infinity":49,"s:104:2:111:Infinity":50,"s:104:15:104:16":51,"s:105:4:110:Infinity":52,"s:114:2:114:Infinity":53,"s:115:2:117:Infinity":54,"s:115:15:115:16":55,"s:116:4:116:Infinity":56,"f:120:9:120:23":6,"s:121:16:121:54":57,"s:122:17:122:56":58,"s:123:2:131:Infinity":59,"f:134:9:134:18":7,"s:136:13:136:45":60,"s:137:9:137:41":61,"s:138:9:138:41":62,"s:139:13:139:45":63,"s:140:9:140:41":64,"s:141:9:141:41":65,"s:142:12:142:42":66,"s:143:12:143:42":67,"s:144:12:144:42":68,"s:145:2:145:Infinity":69,"f:148:9:148:16":8,"s:149:2:149:Infinity":70,"s:150:16:150:54":71,"s:151:17:151:56":72,"s:153:2:153:Infinity":73,"s:156:24:156:33":74,"s:157:21:157:30":75,"s:158:17:158:26":76,"s:160:24:160:73":77,"s:162:15:162:56":78,"s:163:2:163:Infinity":79,"s:164:2:164:Infinity":80,"s:165:2:165:Infinity":81,"s:166:2:166:Infinity":82,"b:169:2:181:Infinity:undefined:undefined:undefined:undefined":11,"s:169:2:181:Infinity":83,"s:170:4:170:Infinity":84,"s:171:4:171:46":85,"s:172:4:172:Infinity":86,"s:173:4:173:Infinity":87,"s:174:4:174:Infinity":88,"s:175:4:175:Infinity":89,"s:176:4:176:Infinity":90,"s:177:4:177:Infinity":91,"s:178:4:178:Infinity":92,"s:179:4:179:Infinity":93,"s:180:4:180:Infinity":94,"s:184:2:184:74":95,"s:185:2:202:Infinity":96,"f:185:17:185:18":9,"s:186:4:186:Infinity":97,"b:187:4:187:Infinity:undefined:undefined:undefined:undefined":12,"s:187:4:187:Infinity":98,"s:187:27:187:Infinity":99,"s:189:4:189:Infinity":100,"s:190:4:190:Infinity":101,"s:191:4:191:Infinity":102,"s:192:4:192:Infinity":103,"s:193:4:193:Infinity":104,"s:194:4:194:Infinity":105,"s:195:4:195:Infinity":106,"s:196:4:196:Infinity":107,"s:197:4:197:Infinity":108,"s:198:4:198:Infinity":109,"s:199:4:199:Infinity":110,"s:200:4:200:Infinity":111,"s:201:4:201:Infinity":112,"s:205:24:205:33":113,"s:206:21:206:30":114,"s:207:2:207:Infinity":115,"s:208:2:208:Infinity":116,"s:209:2:209:Infinity":117,"s:210:2:210:Infinity":118,"s:211:2:211:Infinity":119,"s:212:2:212:Infinity":120,"s:213:2:213:Infinity":121,"s:216:22:216:31":122,"s:217:19:217:28":123,"s:218:16:218:25":124,"s:220:2:260:Infinity":125,"f:220:16:220:17":10,"s:221:4:221:Infinity":126,"s:222:4:222:39":127,"s:224:6:224:76":128,"s:225:4:225:Infinity":129,"s:226:4:226:Infinity":130,"s:229:4:229:Infinity":131,"s:230:4:230:Infinity":132,"s:233:4:233:Infinity":133,"b:235:4:257:Infinity:247:11:257:Infinity":13,"s:235:4:257:Infinity":134,"s:236:6:236:Infinity":135,"s:237:6:237:Infinity":136,"s:238:6:238:Infinity":137,"s:239:6:239:Infinity":138,"s:240:6:240:Infinity":139,"s:242:6:242:Infinity":140,"s:243:6:243:Infinity":141,"s:244:6:244:Infinity":142,"s:245:6:245:Infinity":143,"s:246:6:246:Infinity":144,"s:248:6:248:Infinity":145,"s:249:6:249:Infinity":146,"s:250:6:250:Infinity":147,"s:251:6:251:Infinity":148,"s:252:6:252:Infinity":149,"s:253:6:253:Infinity":150,"s:254:6:254:Infinity":151,"s:255:6:255:Infinity":152,"s:256:6:256:Infinity":153,"s:259:4:259:Infinity":154,"s:263:24:263:33":155,"s:264:21:264:30":156,"s:265:2:265:Infinity":157,"s:267:2:280:Infinity":158,"f:267:20:267:21":11,"s:268:4:268:53":159,"s:269:4:269:36":160,"s:270:4:270:Infinity":161,"b:272:4:275:Infinity:undefined:undefined:undefined:undefined":14,"s:272:4:275:Infinity":162,"s:273:6:273:Infinity":163,"s:274:6:274:Infinity":164,"s:277:4:277:Infinity":165,"s:278:4:278:Infinity":166,"s:279:4:279:Infinity":167,"b:283:2:300:Infinity:undefined:undefined:undefined:undefined":15,"s:283:2:300:Infinity":168,"b:283:6:283:24:283:28:283:45":16,"s:285:4:285:30":169,"s:286:4:299:Infinity":170,"s:286:17:286:18":171,"s:287:17:287:61":172,"s:288:17:288:52":173,"s:289:6:289:Infinity":174,"s:290:6:290:Infinity":175,"s:291:6:291:Infinity":176,"s:292:6:292:Infinity":177,"s:293:6:293:Infinity":178,"s:294:6:294:Infinity":179,"s:295:6:295:Infinity":180,"s:296:6:296:Infinity":181,"s:297:6:297:Infinity":182,"s:298:6:298:Infinity":183,"b:302:2:325:Infinity:undefined:undefined:undefined:undefined":17,"s:302:2:325:Infinity":184,"b:302:6:302:25:302:29:302:46":18,"s:304:15:304:55":185,"s:305:15:305:64":186,"s:306:4:306:Infinity":187,"s:307:4:307:Infinity":188,"s:308:4:308:Infinity":189,"s:310:4:310:Infinity":190,"s:311:4:311:Infinity":191,"s:312:4:312:Infinity":192,"s:314:4:314:Infinity":193,"s:315:4:315:Infinity":194,"s:316:4:316:Infinity":195,"s:318:4:318:Infinity":196,"s:319:4:319:Infinity":197,"s:320:4:320:Infinity":198,"s:321:4:321:Infinity":199,"s:322:4:322:Infinity":200,"s:323:4:323:Infinity":201,"s:324:4:324:Infinity":202,"b:327:2:358:Infinity:undefined:undefined:undefined:undefined":19,"s:327:2:358:Infinity":203,"b:327:6:327:25:327:29:327:46":20,"s:329:15:329:26":204,"s:330:15:330:26":205,"s:331:4:331:Infinity":206,"s:332:4:332:Infinity":207,"s:333:4:333:Infinity":208,"s:335:4:335:Infinity":209,"s:337:4:337:Infinity":210,"s:338:4:338:Infinity":211,"s:339:4:339:Infinity":212,"s:340:4:340:Infinity":213,"s:342:4:342:Infinity":214,"s:343:4:343:Infinity":215,"s:345:4:345:Infinity":216,"s:346:4:346:Infinity":217,"s:347:4:347:Infinity":218,"s:348:4:348:Infinity":219,"s:349:4:349:Infinity":220,"s:350:4:350:Infinity":221,"s:351:4:351:Infinity":222,"s:352:4:352:Infinity":223,"s:353:4:353:Infinity":224,"s:354:4:354:Infinity":225,"s:355:4:355:Infinity":226,"s:356:4:356:Infinity":227,"s:357:4:357:Infinity":228,"s:360:2:360:Infinity":229,"f:363:16:363:29":12,"b:364:2:367:Infinity:undefined:undefined:undefined:undefined":21,"s:364:2:367:Infinity":230,"s:365:4:365:Infinity":231,"s:366:4:366:Infinity":232,"b:368:2:371:Infinity:undefined:undefined:undefined:undefined":22,"s:368:2:371:Infinity":233,"s:369:4:369:Infinity":234,"s:370:4:370:Infinity":235,"s:372:2:372:Infinity":236,"s:373:2:373:Infinity":237,"s:374:2:374:Infinity":238},"fnNames":{}}}
,"C:\\Users\\PC\\Desktop\\Carbon-Ledger\\src\\components\\logger.js": {"path":"C:\\Users\\PC\\Desktop\\Carbon-Ledger\\src\\components\\logger.js","statementMap":{"0":{"start":{"line":19,"column":17},"end":{"line":19,"column":24}},"1":{"start":{"line":20,"column":23},"end":{"line":20,"column":34}},"2":{"start":{"line":23,"column":2},"end":{"line":41,"column":null}},"3":{"start":{"line":45,"column":15},"end":{"line":50,"column":3}},"4":{"start":{"line":52,"column":2},"end":{"line":80,"column":null}},"5":{"start":{"line":56,"column":17},"end":{"line":61,"column":null}},"6":{"start":{"line":70,"column":17},"end":{"line":76,"column":null}},"7":{"start":{"line":84,"column":2},"end":{"line":98,"column":null}},"8":{"start":{"line":102,"column":19},"end":{"line":109,"column":3}},"9":{"start":{"line":111,"column":2},"end":{"line":111,"column":null}},"10":{"start":{"line":114,"column":32},"end":{"line":117,"column":4}},"11":{"start":{"line":118,"column":16},"end":{"line":118,"column":40}},"12":{"start":{"line":119,"column":22},"end":{"line":119,"column":42}},"13":{"start":{"line":121,"column":2},"end":{"line":121,"column":null}},"14":{"start":{"line":123,"column":1},"end":{"line":123,"column":null}},"15":{"start":{"line":124,"column":2},"end":{"line":124,"column":null}},"16":{"start":{"line":128,"column":18},"end":{"line":128,"column":59}},"17":{"start":{"line":129,"column":15},"end":{"line":129,"column":53}},"18":{"start":{"line":132,"column":2},"end":{"line":142,"column":null}},"19":{"start":{"line":133,"column":4},"end":{"line":141,"column":null}},"20":{"start":{"line":134,"column":22},"end":{"line":134,"column":55}},"21":{"start":{"line":135,"column":6},"end":{"line":135,"column":null}},"22":{"start":{"line":135,"column":29},"end":{"line":135,"column":57}},"23":{"start":{"line":136,"column":6},"end":{"line":136,"column":null}},"24":{"start":{"line":138,"column":6},"end":{"line":138,"column":null}},"25":{"start":{"line":139,"column":6},"end":{"line":140,"column":null}},"26":{"start":{"line":145,"column":2},"end":{"line":160,"column":null}},"27":{"start":{"line":147,"column":20},"end":{"line":147,"column":54}},"28":{"start":{"line":148,"column":4},"end":{"line":151,"column":null}},"29":{"start":{"line":149,"column":6},"end":{"line":149,"column":null}},"30":{"start":{"line":150,"column":6},"end":{"line":150,"column":null}},"31":{"start":{"line":154,"column":23},"end":{"line":154,"column":55}},"32":{"start":{"line":155,"column":4},"end":{"line":159,"column":null}},"33":{"start":{"line":156,"column":29},"end":{"line":156,"column":47}},"34":{"start":{"line":157,"column":6},"end":{"line":157,"column":null}},"35":{"start":{"line":163,"column":2},"end":{"line":228,"column":null}},"36":{"start":{"line":164,"column":22},"end":{"line":164,"column":52}},"37":{"start":{"line":165,"column":4},"end":{"line":212,"column":null}},"38":{"start":{"line":166,"column":19},"end":{"line":166,"column":66}},"39":{"start":{"line":167,"column":6},"end":{"line":167,"column":null}},"40":{"start":{"line":167,"column":17},"end":{"line":167,"column":null}},"41":{"start":{"line":169,"column":21},"end":{"line":169,"column":58}},"42":{"start":{"line":170,"column":25},"end":{"line":170,"column":72}},"43":{"start":{"line":172,"column":6},"end":{"line":172,"column":null}},"44":{"start":{"line":173,"column":6},"end":{"line":173,"column":null}},"45":{"start":{"line":174,"column":6},"end":{"line":174,"column":null}},"46":{"start":{"line":175,"column":6},"end":{"line":175,"column":null}},"47":{"start":{"line":177,"column":22},"end":{"line":177,"column":47}},"48":{"start":{"line":179,"column":6},"end":{"line":179,"column":null}},"49":{"start":{"line":180,"column":6},"end":{"line":180,"column":null}},"50":{"start":{"line":181,"column":6},"end":{"line":181,"column":null}},"51":{"start":{"line":183,"column":6},"end":{"line":186,"column":null}},"52":{"start":{"line":184,"column":8},"end":{"line":184,"column":null}},"53":{"start":{"line":185,"column":8},"end":{"line":185,"column":null}},"54":{"start":{"line":188,"column":6},"end":{"line":192,"column":null}},"55":{"start":{"line":189,"column":8},"end":{"line":190,"column":null}},"56":{"start":{"line":191,"column":8},"end":{"line":191,"column":null}},"57":{"start":{"line":195,"column":6},"end":{"line":211,"column":null}},"58":{"start":{"line":197,"column":22},"end":{"line":209,"column":null}},"59":{"start":{"line":215,"column":23},"end":{"line":215,"column":65}},"60":{"start":{"line":216,"column":22},"end":{"line":216,"column":63}},"61":{"start":{"line":218,"column":4},"end":{"line":222,"column":null}},"62":{"start":{"line":219,"column":37},"end":{"line":219,"column":55}},"63":{"start":{"line":220,"column":6},"end":{"line":220,"column":null}},"64":{"start":{"line":221,"column":6},"end":{"line":221,"column":null}},"65":{"start":{"line":224,"column":4},"end":{"line":227,"column":null}},"66":{"start":{"line":225,"column":18},"end":{"line":225,"column":39}},"67":{"start":{"line":226,"column":6},"end":{"line":226,"column":null}}},"fnMap":{"0":{"name":"render","decl":{"start":{"line":22,"column":22},"end":{"line":22,"column":28}},"loc":{"start":{"line":22,"column":31},"end":{"line":42,"column":null}},"line":22},"1":{"name":"renderQuickLog","decl":{"start":{"line":44,"column":9},"end":{"line":44,"column":23}},"loc":{"start":{"line":44,"column":26},"end":{"line":81,"column":null}},"line":44},"2":{"name":"(anonymous_2)","decl":{"start":{"line":56,"column":10},"end":{"line":56,"column":11}},"loc":{"start":{"line":56,"column":17},"end":{"line":61,"column":null}},"line":56},"3":{"name":"(anonymous_3)","decl":{"start":{"line":70,"column":10},"end":{"line":70,"column":11}},"loc":{"start":{"line":70,"column":17},"end":{"line":76,"column":null}},"line":70},"4":{"name":"renderSmartLog","decl":{"start":{"line":83,"column":9},"end":{"line":83,"column":23}},"loc":{"start":{"line":83,"column":26},"end":{"line":99,"column":null}},"line":83},"5":{"name":"handleSaveActivity","decl":{"start":{"line":101,"column":15},"end":{"line":101,"column":33}},"loc":{"start":{"line":101,"column":77},"end":{"line":125,"column":null}},"line":101},"6":{"name":"init","decl":{"start":{"line":127,"column":16},"end":{"line":127,"column":20}},"loc":{"start":{"line":127,"column":23},"end":{"line":229,"column":null}},"line":127},"7":{"name":"(anonymous_7)","decl":{"start":{"line":132,"column":33},"end":{"line":132,"column":38}},"loc":{"start":{"line":132,"column":46},"end":{"line":142,"column":3}},"line":132},"8":{"name":"(anonymous_8)","decl":{"start":{"line":135,"column":22},"end":{"line":135,"column":23}},"loc":{"start":{"line":135,"column":29},"end":{"line":135,"column":57}},"line":135},"9":{"name":"(anonymous_9)","decl":{"start":{"line":145,"column":36},"end":{"line":145,"column":41}},"loc":{"start":{"line":145,"column":49},"end":{"line":160,"column":3}},"line":145},"10":{"name":"(anonymous_10)","decl":{"start":{"line":163,"column":36},"end":{"line":163,"column":41}},"loc":{"start":{"line":163,"column":49},"end":{"line":228,"column":3}},"line":163},"11":{"name":"(anonymous_11)","decl":{"start":{"line":197,"column":10},"end":{"line":197,"column":11}},"loc":{"start":{"line":197,"column":22},"end":{"line":209,"column":null}},"line":197}},"branchMap":{"0":{"loc":{"start":{"line":33,"column":33},"end":{"line":33,"column":71}},"type":"cond-expr","locations":[{"start":{"line":33,"column":58},"end":{"line":33,"column":66}},{"start":{"line":33,"column":69},"end":{"line":33,"column":71}}],"line":33},"1":{"loc":{"start":{"line":34,"column":33},"end":{"line":34,"column":71}},"type":"cond-expr","locations":[{"start":{"line":34,"column":58},"end":{"line":34,"column":66}},{"start":{"line":34,"column":69},"end":{"line":34,"column":71}}],"line":34},"2":{"loc":{"start":{"line":38,"column":10},"end":{"line":38,"column":70}},"type":"cond-expr","locations":[{"start":{"line":38,"column":35},"end":{"line":38,"column":51}},{"start":{"line":38,"column":54},"end":{"line":38,"column":70}}],"line":38},"3":{"loc":{"start":{"line":57,"column":36},"end":{"line":57,"column":77}},"type":"cond-expr","locations":[{"start":{"line":57,"column":64},"end":{"line":57,"column":72}},{"start":{"line":57,"column":75},"end":{"line":57,"column":77}}],"line":57},"4":{"loc":{"start":{"line":68,"column":9},"end":{"line":68,"column":40}},"type":"binary-expr","locations":[{"start":{"line":68,"column":9},"end":{"line":68,"column":34}},{"start":{"line":68,"column":38},"end":{"line":68,"column":40}}],"line":68},"5":{"loc":{"start":{"line":101,"column":58},"end":{"line":101,"column":75}},"type":"default-arg","locations":[{"start":{"line":101,"column":67},"end":{"line":101,"column":75}}],"line":101},"6":{"loc":{"start":{"line":133,"column":4},"end":{"line":141,"column":null}},"type":"if","locations":[{"start":{"line":133,"column":4},"end":{"line":141,"column":null}},{"start":{},"end":{}}],"line":133},"7":{"loc":{"start":{"line":140,"column":8},"end":{"line":140,"column":68}},"type":"cond-expr","locations":[{"start":{"line":140,"column":33},"end":{"line":140,"column":49}},{"start":{"line":140,"column":52},"end":{"line":140,"column":68}}],"line":140},"8":{"loc":{"start":{"line":148,"column":4},"end":{"line":151,"column":null}},"type":"if","locations":[{"start":{"line":148,"column":4},"end":{"line":151,"column":null}},{"start":{},"end":{}}],"line":148},"9":{"loc":{"start":{"line":148,"column":8},"end":{"line":148,"column":41}},"type":"binary-expr","locations":[{"start":{"line":148,"column":8},"end":{"line":148,"column":15}},{"start":{"line":148,"column":19},"end":{"line":148,"column":41}}],"line":148},"10":{"loc":{"start":{"line":155,"column":4},"end":{"line":159,"column":null}},"type":"if","locations":[{"start":{"line":155,"column":4},"end":{"line":159,"column":null}},{"start":{},"end":{}}],"line":155},"11":{"loc":{"start":{"line":165,"column":4},"end":{"line":212,"column":null}},"type":"if","locations":[{"start":{"line":165,"column":4},"end":{"line":212,"column":null}},{"start":{},"end":{}}],"line":165},"12":{"loc":{"start":{"line":167,"column":6},"end":{"line":167,"column":null}},"type":"if","locations":[{"start":{"line":167,"column":6},"end":{"line":167,"column":null}},{"start":{},"end":{}}],"line":167},"13":{"loc":{"start":{"line":183,"column":6},"end":{"line":186,"column":null}},"type":"if","locations":[{"start":{"line":183,"column":6},"end":{"line":186,"column":null}},{"start":{},"end":{}}],"line":183},"14":{"loc":{"start":{"line":188,"column":6},"end":{"line":192,"column":null}},"type":"if","locations":[{"start":{"line":188,"column":6},"end":{"line":192,"column":null}},{"start":{},"end":{}}],"line":188},"15":{"loc":{"start":{"line":199,"column":50},"end":{"line":199,"column":86}},"type":"binary-expr","locations":[{"start":{"line":199,"column":50},"end":{"line":199,"column":78}},{"start":{"line":199,"column":82},"end":{"line":199,"column":86}}],"line":199},"16":{"loc":{"start":{"line":218,"column":4},"end":{"line":222,"column":null}},"type":"if","locations":[{"start":{"line":218,"column":4},"end":{"line":222,"column":null}},{"start":{},"end":{}}],"line":218},"17":{"loc":{"start":{"line":224,"column":4},"end":{"line":227,"column":null}},"type":"if","locations":[{"start":{"line":224,"column":4},"end":{"line":227,"column":null}},{"start":{},"end":{}}],"line":224}},"s":{"0":1,"1":1,"2":1,"3":1,"4":1,"5":4,"6":1,"7":0,"8":0,"9":0,"10":0,"11":0,"12":0,"13":0,"14":0,"15":0,"16":0,"17":0,"18":0,"19":0,"20":0,"21":0,"22":0,"23":0,"24":0,"25":0,"26":0,"27":0,"28":0,"29":0,"30":0,"31":0,"32":0,"33":0,"34":0,"35":0,"36":0,"37":0,"38":0,"39":0,"40":0,"41":0,"42":0,"43":0,"44":0,"45":0,"46":0,"47":0,"48":0,"49":0,"50":0,"51":0,"52":0,"53":0,"54":0,"55":0,"56":0,"57":0,"58":0,"59":0,"60":0,"61":0,"62":0,"63":0,"64":0,"65":0,"66":0,"67":0},"f":{"0":1,"1":1,"2":4,"3":1,"4":0,"5":0,"6":0,"7":0,"8":0,"9":0,"10":0,"11":0},"b":{"0":[1,0],"1":[0,1],"2":[1,0],"3":[1,3],"4":[1,0],"5":[0],"6":[0,0],"7":[0,0],"8":[0,0],"9":[0,0],"10":[0,0],"11":[0,0],"12":[0,0],"13":[0,0],"14":[0,0],"15":[0,0],"16":[0,0],"17":[0,0]},"meta":{"lastBranch":18,"lastFunction":12,"lastStatement":68,"seen":{"s:19:17:19:24":0,"s:20:23:20:34":1,"f:22:22:22:28":0,"s:23:2:41:Infinity":2,"b:33:58:33:66:33:69:33:71":0,"b:34:58:34:66:34:69:34:71":1,"b:38:35:38:51:38:54:38:70":2,"f:44:9:44:23":1,"s:45:15:50:3":3,"s:52:2:80:Infinity":4,"f:56:10:56:11":2,"s:56:17:61:Infinity":5,"b:57:64:57:72:57:75:57:77":3,"b:68:9:68:34:68:38:68:40":4,"f:70:10:70:11":3,"s:70:17:76:Infinity":6,"f:83:9:83:23":4,"s:84:2:98:Infinity":7,"f:101:15:101:33":5,"b:101:67:101:75":5,"s:102:19:109:3":8,"s:111:2:111:Infinity":9,"s:114:32:117:4":10,"s:118:16:118:40":11,"s:119:22:119:42":12,"s:121:2:121:Infinity":13,"s:123:1:123:Infinity":14,"s:124:2:124:Infinity":15,"f:127:16:127:20":6,"s:128:18:128:59":16,"s:129:15:129:53":17,"s:132:2:142:Infinity":18,"f:132:33:132:38":7,"b:133:4:141:Infinity:undefined:undefined:undefined:undefined":6,"s:133:4:141:Infinity":19,"s:134:22:134:55":20,"s:135:6:135:Infinity":21,"f:135:22:135:23":8,"s:135:29:135:57":22,"s:136:6:136:Infinity":23,"s:138:6:138:Infinity":24,"s:139:6:140:Infinity":25,"b:140:33:140:49:140:52:140:68":7,"s:145:2:160:Infinity":26,"f:145:36:145:41":9,"s:147:20:147:54":27,"b:148:4:151:Infinity:undefined:undefined:undefined:undefined":8,"s:148:4:151:Infinity":28,"b:148:8:148:15:148:19:148:41":9,"s:149:6:149:Infinity":29,"s:150:6:150:Infinity":30,"s:154:23:154:55":31,"b:155:4:159:Infinity:undefined:undefined:undefined:undefined":10,"s:155:4:159:Infinity":32,"s:156:29:156:47":33,"s:157:6:157:Infinity":34,"s:163:2:228:Infinity":35,"f:163:36:163:41":10,"s:164:22:164:52":36,"b:165:4:212:Infinity:undefined:undefined:undefined:undefined":11,"s:165:4:212:Infinity":37,"s:166:19:166:66":38,"b:167:6:167:Infinity:undefined:undefined:undefined:undefined":12,"s:167:6:167:Infinity":39,"s:167:17:167:Infinity":40,"s:169:21:169:58":41,"s:170:25:170:72":42,"s:172:6:172:Infinity":43,"s:173:6:173:Infinity":44,"s:174:6:174:Infinity":45,"s:175:6:175:Infinity":46,"s:177:22:177:47":47,"s:179:6:179:Infinity":48,"s:180:6:180:Infinity":49,"s:181:6:181:Infinity":50,"b:183:6:186:Infinity:undefined:undefined:undefined:undefined":13,"s:183:6:186:Infinity":51,"s:184:8:184:Infinity":52,"s:185:8:185:Infinity":53,"b:188:6:192:Infinity:undefined:undefined:undefined:undefined":14,"s:188:6:192:Infinity":54,"s:189:8:190:Infinity":55,"s:191:8:191:Infinity":56,"s:195:6:211:Infinity":57,"f:197:10:197:11":11,"s:197:22:209:Infinity":58,"b:199:50:199:78:199:82:199:86":15,"s:215:23:215:65":59,"s:216:22:216:63":60,"b:218:4:222:Infinity:undefined:undefined:undefined:undefined":16,"s:218:4:222:Infinity":61,"s:219:37:219:55":62,"s:220:6:220:Infinity":63,"s:221:6:221:Infinity":64,"b:224:4:227:Infinity:undefined:undefined:undefined:undefined":17,"s:224:4:227:Infinity":65,"s:225:18:225:39":66,"s:226:6:226:Infinity":67},"fnNames":{}}}
,"C:\\Users\\PC\\Desktop\\Carbon-Ledger\\src\\components\\onboarding.js": {"path":"C:\\Users\\PC\\Desktop\\Carbon-Ledger\\src\\components\\onboarding.js","statementMap":{"0":{"start":{"line":11,"column":18},"end":{"line":11,"column":19}},"1":{"start":{"line":12,"column":14},"end":{"line":12,"column":16}},"2":{"start":{"line":13,"column":15},"end":{"line":13,"column":16}},"3":{"start":{"line":16,"column":2},"end":{"line":16,"column":null}},"4":{"start":{"line":17,"column":2},"end":{"line":17,"column":null}},"5":{"start":{"line":18,"column":2},"end":{"line":18,"column":null}},"6":{"start":{"line":20,"column":2},"end":{"line":31,"column":null}},"7":{"start":{"line":24,"column":47},"end":{"line":24,"column":125}},"8":{"start":{"line":35,"column":12},"end":{"line":35,"column":39}},"9":{"start":{"line":36,"column":2},"end":{"line":53,"column":null}},"10":{"start":{"line":43,"column":19},"end":{"line":49,"column":null}},"11":{"start":{"line":57,"column":2},"end":{"line":91,"column":null}},"12":{"start":{"line":95,"column":2},"end":{"line":131,"column":null}},"13":{"start":{"line":135,"column":18},"end":{"line":135,"column":55}},"14":{"start":{"line":136,"column":19},"end":{"line":136,"column":57}},"15":{"start":{"line":137,"column":24},"end":{"line":137,"column":28}},"16":{"start":{"line":140,"column":4},"end":{"line":140,"column":null}},"17":{"start":{"line":140,"column":19},"end":{"line":140,"column":null}},"18":{"start":{"line":141,"column":17},"end":{"line":141,"column":59}},"19":{"start":{"line":142,"column":4},"end":{"line":146,"column":null}},"20":{"start":{"line":143,"column":6},"end":{"line":143,"column":null}},"21":{"start":{"line":144,"column":6},"end":{"line":144,"column":null}},"22":{"start":{"line":144,"column":27},"end":{"line":144,"column":null}},"23":{"start":{"line":145,"column":6},"end":{"line":145,"column":null}},"24":{"start":{"line":145,"column":29},"end":{"line":145,"column":null}},"25":{"start":{"line":149,"column":2},"end":{"line":217,"column":null}},"26":{"start":{"line":151,"column":17},"end":{"line":151,"column":49}},"27":{"start":{"line":152,"column":4},"end":{"line":188,"column":null}},"28":{"start":{"line":153,"column":22},"end":{"line":153,"column":53}},"29":{"start":{"line":154,"column":16},"end":{"line":154,"column":45}},"30":{"start":{"line":157,"column":20},"end":{"line":157,"column":60}},"31":{"start":{"line":158,"column":6},"end":{"line":158,"column":null}},"32":{"start":{"line":158,"column":27},"end":{"line":158,"column":57}},"33":{"start":{"line":159,"column":6},"end":{"line":159,"column":null}},"34":{"start":{"line":162,"column":6},"end":{"line":162,"column":null}},"35":{"start":{"line":165,"column":6},"end":{"line":187,"column":null}},"36":{"start":{"line":166,"column":8},"end":{"line":166,"column":null}},"37":{"start":{"line":167,"column":8},"end":{"line":186,"column":null}},"38":{"start":{"line":168,"column":10},"end":{"line":168,"column":null}},"39":{"start":{"line":169,"column":10},"end":{"line":169,"column":null}},"40":{"start":{"line":172,"column":10},"end":{"line":172,"column":null}},"41":{"start":{"line":173,"column":10},"end":{"line":173,"column":42}},"42":{"start":{"line":174,"column":10},"end":{"line":174,"column":null}},"43":{"start":{"line":177,"column":10},"end":{"line":185,"column":null}},"44":{"start":{"line":178,"column":26},"end":{"line":178,"column":74}},"45":{"start":{"line":180,"column":12},"end":{"line":184,"column":null}},"46":{"start":{"line":181,"column":24},"end":{"line":181,"column":37}},"47":{"start":{"line":182,"column":14},"end":{"line":182,"column":null}},"48":{"start":{"line":183,"column":14},"end":{"line":183,"column":null}},"49":{"start":{"line":183,"column":32},"end":{"line":183,"column":49}},"50":{"start":{"line":191,"column":4},"end":{"line":193,"column":null}},"51":{"start":{"line":192,"column":6},"end":{"line":192,"column":null}},"52":{"start":{"line":196,"column":21},"end":{"line":196,"column":51}},"53":{"start":{"line":197,"column":4},"end":{"line":204,"column":null}},"54":{"start":{"line":198,"column":20},"end":{"line":198,"column":58}},"55":{"start":{"line":199,"column":6},"end":{"line":199,"column":null}},"56":{"start":{"line":199,"column":27},"end":{"line":199,"column":57}},"57":{"start":{"line":200,"column":6},"end":{"line":200,"column":null}},"58":{"start":{"line":202,"column":6},"end":{"line":202,"column":null}},"59":{"start":{"line":203,"column":6},"end":{"line":203,"column":null}},"60":{"start":{"line":207,"column":4},"end":{"line":216,"column":null}},"61":{"start":{"line":208,"column":6},"end":{"line":214,"column":null}},"62":{"start":{"line":215,"column":6},"end":{"line":215,"column":null}}},"fnMap":{"0":{"name":"render","decl":{"start":{"line":15,"column":22},"end":{"line":15,"column":28}},"loc":{"start":{"line":15,"column":31},"end":{"line":32,"column":null}},"line":15},"1":{"name":"(anonymous_1)","decl":{"start":{"line":24,"column":37},"end":{"line":24,"column":38}},"loc":{"start":{"line":24,"column":47},"end":{"line":24,"column":125}},"line":24},"2":{"name":"renderStep","decl":{"start":{"line":34,"column":9},"end":{"line":34,"column":19}},"loc":{"start":{"line":34,"column":27},"end":{"line":54,"column":null}},"line":34},"3":{"name":"(anonymous_3)","decl":{"start":{"line":43,"column":10},"end":{"line":43,"column":11}},"loc":{"start":{"line":43,"column":19},"end":{"line":49,"column":null}},"line":43},"4":{"name":"renderResults","decl":{"start":{"line":56,"column":9},"end":{"line":56,"column":22}},"loc":{"start":{"line":56,"column":25},"end":{"line":92,"column":null}},"line":56},"5":{"name":"renderGoals","decl":{"start":{"line":94,"column":9},"end":{"line":94,"column":20}},"loc":{"start":{"line":94,"column":23},"end":{"line":132,"column":null}},"line":94},"6":{"name":"init","decl":{"start":{"line":134,"column":16},"end":{"line":134,"column":20}},"loc":{"start":{"line":134,"column":23},"end":{"line":218,"column":null}},"line":134},"7":{"name":"updateProgress","decl":{"start":{"line":139,"column":11},"end":{"line":139,"column":25}},"loc":{"start":{"line":139,"column":28},"end":{"line":147,"column":null}},"line":139},"8":{"name":"(anonymous_8)","decl":{"start":{"line":142,"column":17},"end":{"line":142,"column":18}},"loc":{"start":{"line":142,"column":29},"end":{"line":146,"column":5}},"line":142},"9":{"name":"(anonymous_9)","decl":{"start":{"line":149,"column":36},"end":{"line":149,"column":41}},"loc":{"start":{"line":149,"column":49},"end":{"line":217,"column":3}},"line":149},"10":{"name":"(anonymous_10)","decl":{"start":{"line":158,"column":20},"end":{"line":158,"column":21}},"loc":{"start":{"line":158,"column":27},"end":{"line":158,"column":57}},"line":158},"11":{"name":"(anonymous_11)","decl":{"start":{"line":165,"column":17},"end":{"line":165,"column":18}},"loc":{"start":{"line":165,"column":23},"end":{"line":187,"column":7}},"line":165},"12":{"name":"(anonymous_12)","decl":{"start":{"line":177,"column":21},"end":{"line":177,"column":22}},"loc":{"start":{"line":177,"column":27},"end":{"line":185,"column":11}},"line":177},"13":{"name":"(anonymous_13)","decl":{"start":{"line":180,"column":26},"end":{"line":180,"column":27}},"loc":{"start":{"line":180,"column":33},"end":{"line":184,"column":13}},"line":180},"14":{"name":"(anonymous_14)","decl":{"start":{"line":183,"column":25},"end":{"line":183,"column":26}},"loc":{"start":{"line":183,"column":32},"end":{"line":183,"column":49}},"line":183},"15":{"name":"(anonymous_15)","decl":{"start":{"line":199,"column":20},"end":{"line":199,"column":21}},"loc":{"start":{"line":199,"column":27},"end":{"line":199,"column":57}},"line":199}},"branchMap":{"0":{"loc":{"start":{"line":24,"column":75},"end":{"line":24,"column":98}},"type":"cond-expr","locations":[{"start":{"line":24,"column":85},"end":{"line":24,"column":93}},{"start":{"line":24,"column":96},"end":{"line":24,"column":98}}],"line":24},"1":{"loc":{"start":{"line":140,"column":4},"end":{"line":140,"column":null}},"type":"if","locations":[{"start":{"line":140,"column":4},"end":{"line":140,"column":null}},{"start":{},"end":{}}],"line":140},"2":{"loc":{"start":{"line":144,"column":6},"end":{"line":144,"column":null}},"type":"if","locations":[{"start":{"line":144,"column":6},"end":{"line":144,"column":null}},{"start":{},"end":{}}],"line":144},"3":{"loc":{"start":{"line":145,"column":6},"end":{"line":145,"column":null}},"type":"if","locations":[{"start":{"line":145,"column":6},"end":{"line":145,"column":null}},{"start":{},"end":{}}],"line":145},"4":{"loc":{"start":{"line":152,"column":4},"end":{"line":188,"column":null}},"type":"if","locations":[{"start":{"line":152,"column":4},"end":{"line":188,"column":null}},{"start":{},"end":{}}],"line":152},"5":{"loc":{"start":{"line":167,"column":8},"end":{"line":186,"column":null}},"type":"if","locations":[{"start":{"line":167,"column":8},"end":{"line":186,"column":null}},{"start":{"line":170,"column":15},"end":{"line":186,"column":null}}],"line":167},"6":{"loc":{"start":{"line":191,"column":4},"end":{"line":193,"column":null}},"type":"if","locations":[{"start":{"line":191,"column":4},"end":{"line":193,"column":null}},{"start":{},"end":{}}],"line":191},"7":{"loc":{"start":{"line":197,"column":4},"end":{"line":204,"column":null}},"type":"if","locations":[{"start":{"line":197,"column":4},"end":{"line":204,"column":null}},{"start":{},"end":{}}],"line":197},"8":{"loc":{"start":{"line":207,"column":4},"end":{"line":216,"column":null}},"type":"if","locations":[{"start":{"line":207,"column":4},"end":{"line":216,"column":null}},{"start":{},"end":{}}],"line":207}},"s":{"0":1,"1":1,"2":1,"3":1,"4":1,"5":1,"6":1,"7":5,"8":1,"9":1,"10":5,"11":0,"12":0,"13":0,"14":0,"15":0,"16":0,"17":0,"18":0,"19":0,"20":0,"21":0,"22":0,"23":0,"24":0,"25":0,"26":0,"27":0,"28":0,"29":0,"30":0,"31":0,"32":0,"33":0,"34":0,"35":0,"36":0,"37":0,"38":0,"39":0,"40":0,"41":0,"42":0,"43":0,"44":0,"45":0,"46":0,"47":0,"48":0,"49":0,"50":0,"51":0,"52":0,"53":0,"54":0,"55":0,"56":0,"57":0,"58":0,"59":0,"60":0,"61":0,"62":0},"f":{"0":1,"1":5,"2":1,"3":5,"4":0,"5":0,"6":0,"7":0,"8":0,"9":0,"10":0,"11":0,"12":0,"13":0,"14":0,"15":0},"b":{"0":[1,4],"1":[0,0],"2":[0,0],"3":[0,0],"4":[0,0],"5":[0,0],"6":[0,0],"7":[0,0],"8":[0,0]},"meta":{"lastBranch":9,"lastFunction":16,"lastStatement":63,"seen":{"s:11:18:11:19":0,"s:12:14:12:16":1,"s:13:15:13:16":2,"f:15:22:15:28":0,"s:16:2:16:Infinity":3,"s:17:2:17:Infinity":4,"s:18:2:18:Infinity":5,"s:20:2:31:Infinity":6,"f:24:37:24:38":1,"s:24:47:24:125":7,"b:24:85:24:93:24:96:24:98":0,"f:34:9:34:19":2,"s:35:12:35:39":8,"s:36:2:53:Infinity":9,"f:43:10:43:11":3,"s:43:19:49:Infinity":10,"f:56:9:56:22":4,"s:57:2:91:Infinity":11,"f:94:9:94:20":5,"s:95:2:131:Infinity":12,"f:134:16:134:20":6,"s:135:18:135:55":13,"s:136:19:136:57":14,"s:137:24:137:28":15,"f:139:11:139:25":7,"b:1
[...]
ine":138},"20":{"loc":{"start":{"line":155,"column":9},"end":{"line":155,"column":38}},"type":"binary-expr","locations":[{"start":{"line":155,"column":10},"end":{"line":155,"column":31}},{"start":{"line":155,"column":36},"end":{"line":155,"column":38}}],"line":155},"21":{"loc":{"start":{"line":164,"column":2},"end":{"line":164,"column":59}},"type":"if","locations":[{"start":{"line":164,"column":2},"end":{"line":164,"column":59}},{"start":{},"end":{}}],"line":164},"22":{"loc":{"start":{"line":188,"column":2},"end":{"line":188,"column":null}},"type":"if","locations":[{"start":{"line":188,"column":2},"end":{"line":188,"column":null}},{"start":{},"end":{}}],"line":188},"23":{"loc":{"start":{"line":188,"column":6},"end":{"line":188,"column":51}},"type":"binary-expr","locations":[{"start":{"line":188,"column":6},"end":{"line":188,"column":11}},{"start":{"line":188,"column":15},"end":{"line":188,"column":51}}],"line":188},"24":{"loc":{"start":{"line":201,"column":2},"end":{"line":201,"column":null}},"type":"if","locations":[{"start":{"line":201,"column":2},"end":{"line":201,"column":null}},{"start":{},"end":{}}],"line":201},"25":{"loc":{"start":{"line":223,"column":9},"end":{"line":223,"column":45}},"type":"binary-expr","locations":[{"start":{"line":223,"column":10},"end":{"line":223,"column":38}},{"start":{"line":223,"column":43},"end":{"line":223,"column":45}}],"line":223},"26":{"loc":{"start":{"line":232,"column":2},"end":{"line":232,"column":46}},"type":"if","locations":[{"start":{"line":232,"column":2},"end":{"line":232,"column":46}},{"start":{},"end":{}}],"line":232},"27":{"loc":{"start":{"line":241,"column":9},"end":{"line":241,"column":72}},"type":"binary-expr","locations":[{"start":{"line":241,"column":10},"end":{"line":241,"column":33}},{"start":{"line":241,"column":38},"end":{"line":241,"column":72}}],"line":241},"28":{"loc":{"start":{"line":247,"column":2},"end":{"line":247,"column":55}},"type":"if","locations":[{"start":{"line":247,"column":2},"end":{"line":247,"column":55}},{"start":{},"end":{}}],"line":247},"29":{"loc":{"start":{"line":257,"column":2},"end":{"line":257,"column":null}},"type":"if","locations":[{"start":{"line":257,"column":2},"end":{"line":257,"column":null}},{"start":{},"end":{}}],"line":257}},"s":{"0":4,"1":13,"2":9,"3":0,"4":2,"5":1,"6":2,"7":2,"8":2,"9":1,"10":1,"11":1,"12":0,"13":0,"14":0,"15":0,"16":0,"17":0,"18":0,"19":0,"20":0,"21":0,"22":0,"23":0,"24":0,"25":0,"26":0,"27":8,"28":6,"29":4,"30":4,"31":4,"32":0,"33":4,"34":4,"35":4,"36":4,"37":1,"38":3,"39":2,"40":1,"41":1,"42":1,"43":1,"44":1,"45":4,"46":4,"47":4,"48":4,"49":0,"50":0,"51":0,"52":0,"53":0,"54":0,"55":0,"56":0,"57":0,"58":0,"59":0,"60":0,"61":0,"62":0,"63":0,"64":0,"65":0,"66":0,"67":0,"68":0,"69":0,"70":0,"71":0,"72":0,"73":0,"74":0,"75":0,"76":0,"77":0,"78":0,"79":0,"80":0,"81":0,"82":0,"83":0,"84":0,"85":0,"86":0,"87":0,"88":0,"89":0,"90":0,"91":0,"92":0,"93":0,"94":0,"95":0,"96":0,"97":0,"98":0},"f":{"0":13,"1":9,"2":0,"3":2,"4":1,"5":2,"6":1,"7":0,"8":0,"9":0,"10":0,"11":0,"12":0,"13":8,"14":6,"15":4,"16":0,"17":0,"18":0,"19":0,"20":0,"21":0,"22":0,"23":0,"24":0,"25":0,"26":0,"27":0,"28":0,"29":0,"30":0,"31":0},"b":{"0":[2,1],"1":[1],"2":[1,0],"3":[1,0],"4":[1,1],"5":[0,0],"6":[0,0],"7":[0,0],"8":[0,0],"9":[0,0],"10":[0,0],"11":[8,1],"12":[0,4],"13":[1,3],"14":[4,1],"15":[2,1],"16":[3,3],"17":[1,1],"18":[1,0],"19":[1,0],"20":[0,0],"21":[0,0],"22":[0,0],"23":[0,0],"24":[0,0],"25":[0,0],"26":[0,0],"27":[0,0],"28":[0,0],"29":[0,0]},"meta":{"lastBranch":30,"lastFunction":32,"lastStatement":99,"seen":{"s:8:13:8:68":0,"f:12:9:12:15":0,"s:13:2:13:Infinity":1,"f:15:9:15:15":1,"s:16:2:16:Infinity":2,"f:18:9:18:15":2,"s:19:2:19:Infinity":3,"f:25:22:25:32":3,"s:26:2:26:Infinity":4,"f:30:22:30:32":4,"s:31:2:31:Infinity":5,"f:40:22:40:33":5,"s:41:21:41:55":6,"b:41:22:41:48:41:53:41:55":0,"s:42:2:42:31":7,"s:43:2:43:Infinity":8,"f:51:22:51:35":6,"b:51:44:51:46":1,"s:52:21:52:55":9,"b:52:22:52:48:52:53:52:55":2,"b:53:2:53:Infinity:undefined:undefined:undefined:undefined":3,"s:53:2:53:Infinity":10,"b:53:6:53:17:53:21:53:30":4,"s:53:32:53:Infinity":11,"s:54:2:58:Infinity":12,"f:54:27:54:28":7,"b:55:4:55:Infinity:undefined:undefined:undefined:undefined":5,"s:55:4:55:Infinity":13,"b:55:8:55:18:55:22:55:46":6,"s:55:48:55:Infinity":14,"b:56:4:56:Infinity:undefined:undefined:undefined:undefined":7,"s:56:4:56:Infinity":15,"b:56:8:56:16:56:20:56:42":8,"s:56:44:56:Infinity":16,"s:57:4:57:Infinity":17,"f:65:22:65:40":8,"s:66:16:66:26":18,"s:67:2:67:Infinity":19,"s:68:2:68:Infinity":20,"f:75:22:75:35":9,"s:76:21:76:47":21,"s:77:2:77:Infinity":22,"f:77:27:77:28":10,"s:77:39:77:59":23,"b:77:46:77:53:77:57:77:58":9,"f:84:22:84:36":11,"s:85:21:85:55":24,"b:85:22:85:48:85:53:85:55":10,"s:86:2:89:Infinity":25,"f:88:22:88:23":12,"s:88:29:88:40":26,"f:97:22:97:31":13,"s:98:2:105:Infinity":27,"b:99:5:99:27:99:32:104:Infinity":11,"f:109:22:109:31":14,"s:110:2:110:Infinity":28,"f:118:22:118:34":15,"s:119:17:119:34":29,"s:120:16:120:41":30,"b:122:2:122:50:undefined:undefined:undefined:undefined":12,"s:122:2:122:50":31,"s:122:36:122:50":32,"s:124:20:124:30":33,"s:125:2:125:Infinity":34,"s:126:23:126:70":35,"b:128:2:140:Infinity:130:9:140:Infinity":13,"s:128:2:140:Infinity":36,"b:128:6:128:18:128:22:128:33":14,"s:129:4:129:Infinity":37,"b:130:9:140:Infinity:138:9:140:Infinity":15,"s:130:9:140:Infinity":38,"b:130:13:130:26:130:30:130:57":16,"b:132:4:137:Infinity:135:11:137:Infinity":17,"s:132:4:137:Infinity":39,"s:133:6:133:Infinity":40,"s:134:6:134:26":41,"s:136:6:136:Infinity":42,"b:136:37:136:38:136:41:136:42":18,"b:138:9:140:Infinity:undefined:undefined:undefined:undefined":19,"s:138:9:140:Infinity":43,"s:139:4:139:Infinity":44,"s:142:2:142:Infinity":45,"s:143:2:143:Infinity":46,"s:145:2:145:Infinity":47,"s:146:2:146:Infinity":48,"f:154:22:154:30":16,"s:155:2:155:Infinity":49,"b:155:10:155:31:155:36:155:38":20,"f:162:22:162:36":17,"s:163:16:163:32":50,"b:164:2:164:59:undefined:undefined:undefined:undefined":21,"s:164:2:164:59":51,"f:164:17:164:18":18,"s:164:24:164:49":52,"s:164:52:164:59":53,"s:166:2:175:Infinity":54,"s:177:2:177:Infinity":55,"f:185:22:185:38":19,"s:186:16:186:32":56,"s:187:15:187:49":57,"f:187:26:187:27":20,"s:187:33:187:48":58,"b:188:2:188:Infinity:undefined:undefined:undefined:undefined":22,"s:188:2:188:Infinity":59,"b:188:6:188:11:188:15:188:51":23,"s:188:53:188:Infinity":60,"s:190:2:190:Infinity":61,"s:191:2:191:Infinity":62,"f:198:22:198:38":21,"s:199:16:199:32":63,"s:200:15:200:49":64,"f:200:26:200:27":22,"s:200:33:200:48":65,"b:201:2:201:Infinity:undefined:undefined:undefined:undefined":24,"s:201:2:201:Infinity":66,"s:201:13:201:Infinity":67,"s:202:2:202:Infinity":68,"s:203:2:203:Infinity":69,"s:204:2:204:Infinity":70,"f:211:22:211:32":23,"s:212:16:212:32":71,"s:213:2:216:Infinity":72,"f:215:17:215:18":24,"s:215:24:215:39":73,"f:222:22:222:37":25,"s:223:2:223:Infinity":74,"b:223:10:223:38:223:43:223:45":25,"f:230:22:230:39":26,"s:231:23:231:46":75,"b:232:2:232:46:undefined:undefined:undefined:undefined":26,"s:232:2:232:46":76,"s:232:33:232:46":77,"s:233:2:233:Infinity":78,"s:234:2:234:Infinity":79,"s:235:2:235:14":80,"f:240:22:240:32":27,"s:241:2:241:Infinity":81,"b:241:10:241:33:241:38:241:72":27,"f:244:22:244:32":28,"s:245:18:245:36":82,"s:246:16:246:41":83,"b:247:2:247:55:undefined:undefined:undefined:undefined":28,"s:247:2:247:55":84,"s:247:40:247:55":85,"s:249:2:249:Infinity":86,"s:250:2:250:Infinity":87,"s:251:2:251:Infinity":88,"s:252:2:252:Infinity":89,"f:255:22:255:33":29,"s:256:18:256:36":90,"b:257:2:257:Infinity:undefined:undefined:undefined:undefined":29,"s:257:2:257:Infinity":91,"s:257:26:257:Infinity":92,"s:258:2:258:Infinity":93,"s:259:2:259:Infinity":94,"s:260:2:260:Infinity":95,"f:266:22:266:32":30,"s:268:4:275:6":96,"s:276:2:284:Infinity":97,"f:288:22:288:34":31,"s:289:2:296:Infinity":98},"fnNames":{}}}
,"C:\\Users\\PC\\Desktop\\Carbon-Ledger\\src\\utils\\audio.js": {"path":"C:\\Users\\PC\\Desktop\\Carbon-Ledger\\src\\utils\\audio.js","statementMap":{"0":{"start":{"line":6,"column":15},"end":{"line":6,"column":19}},"1":{"start":{"line":7,"column":14},"end":{"line":7,"column":19}},"2":{"start":{"line":10,"column":2},"end":{"line":10,"column":null}},"3":{"start":{"line":10,"column":15},"end":{"line":10,"column":null}},"4":{"start":{"line":11,"column":2},"end":{"line":13,"column":null}},"5":{"start":{"line":12,"column":4},"end":{"line":12,"column":null}},"6":{"start":{"line":14,"column":2},"end":{"line":16,"column":null}},"7":{"start":{"line":15,"column":4},"end":{"line":15,"column":null}},"8":{"start":{"line":17,"column":2},"end":{"line":17,"column":null}},"9":{"start":{"line":21,"column":2},"end":{"line":21,"column":null}},"10":{"start":{"line":22,"column":2},"end":{"line":22,"column":null}},"11":{"start":{"line":26,"column":14},"end":{"line":26,"column":25}},"12":{"start":{"line":27,"column":2},"end":{"line":27,"column":null}},"13":{"start":{"line":27,"column":12},"end":{"line":27,"column":null}},"14":{"start":{"line":29,"column":12},"end":{"line":29,"column":27}},"15":{"start":{"line":30,"column":14},"end":{"line":30,"column":36}},"16":{"start":{"line":31,"column":15},"end":{"line":31,"column":31}},"17":{"start":{"line":33,"column":2},"end":{"line":33,"column":null}},"18":{"start":{"line":34,"column":2},"end":{"line":34,"column":null}},"19":{"start":{"line":36,"column":2},"end":{"line":101,"column":null}},"20":{"start":{"line":38,"column":4},"end":{"line":38,"column":null}},"21":{"start":{"line":39,"column":4},"end":{"line":39,"column":null}},"22":{"start":{"line":40,"column":4},"end":{"line":40,"column":null}},"23":{"start":{"line":41,"column":4},"end":{"line":41,"column":null}},"24":{"start":{"line":42,"column":4},"end":{"line":42,"column":null}},"25":{"start":{"line":43,"column":4},"end":{"line":43,"column":null}},"26":{"start":{"line":44,"column":4},"end":{"line":44,"column":null}},"27":{"start":{"line":45,"column":4},"end":{"line":45,"column":null}},"28":{"start":{"line":48,"column":17},"end":{"line":48,"column":39}},"29":{"start":{"line":49,"column":18},"end":{"line":49,"column":34}},"30":{"start":{"line":50,"column":4},"end":{"line":50,"column":null}},"31":{"start":{"line":51,"column":4},"end":{"line":51,"column":null}},"32":{"start":{"line":52,"column":4},"end":{"line":52,"column":null}},"33":{"start":{"line":53,"column":4},"end":{"line":53,"column":null}},"34":{"start":{"line":54,"column":4},"end":{"line":54,"column":null}},"35":{"start":{"line":55,"column":4},"end":{"line":55,"column":null}},"36":{"start":{"line":56,"column":4},"end":{"line":56,"column":null}},"37":{"start":{"line":57,"column":4},"end":{"line":57,"column":null}},"38":{"start":{"line":58,"column":4},"end":{"line":58,"column":null}},"39":{"start":{"line":59,"column":9},"end":{"line":101,"column":null}},"40":{"start":{"line":61,"column":4},"end":{"line":61,"column":null}},"41":{"start":{"line":62,"column":4},"end":{"line":62,"column":null}},"42":{"start":{"line":63,"column":4},"end":{"line":63,"column":null}},"43":{"start":{"line":64,"column":4},"end":{"line":64,"column":null}},"44":{"start":{"line":65,"column":4},"end":{"line":65,"column":null}},"45":{"start":{"line":66,"column":4},"end":{"line":66,"column":null}},"46":{"start":{"line":67,"column":4},"end":{"line":67,"column":null}},"47":{"start":{"line":68,"column":4},"end":{"line":68,"column":null}},"48":{"start":{"line":69,"column":9},"end":{"line":101,"column":null}},"49":{"start":{"line":71,"column":4},"end":{"line":71,"column":null}},"50":{"start":{"line":73,"column":4},"end":{"line":73,"column":41}},"51":{"start":{"line":74,"column":4},"end":{"line":74,"column":null}},"52":{"start":{"line":75,"column":4},"end":{"line":75,"column":null}},"53":{"start":{"line":76,"column":4},"end":{"line":76,"column":null}},"54":{"start":{"line":78,"column":4},"end":{"line":78,"column":51}},"55":{"start":{"line":79,"column":4},"end":{"line":79,"column":null}},"56":{"start":{"line":80,"column":4},"end":{"line":80,"column":null}},"57":{"start":{"line":81,"column":4},"end":{"line":81,"column":null}},"58":{"start":{"line":83,"column":4},"end":{"line":83,"column":50}},"59":{"start":{"line":84,"column":4},"end":{"line":84,"column":null}},"60":{"start":{"line":85,"column":4},"end":{"line":85,"column":null}},"61":{"start":{"line":86,"column":4},"end":{"line":86,"column":null}},"62":{"start":{"line":87,"column":4},"end":{"line":87,"column":null}},"63":{"start":{"line":88,"column":4},"end":{"line":88,"column":null}},"64":{"start":{"line":89,"column":9},"end":{"line":101,"column":null}},"65":{"start":{"line":91,"column":4},"end":{"line":91,"column":null}},"66":{"start":{"line":92,"column":4},"end":{"line":92,"column":null}},"67":{"start":{"line":94,"column":4},"end":{"line":98,"column":null}},"68":{"start":{"line":94,"column":17},"end":{"line":94,"column":18}},"69":{"start":{"line":95,"column":6},"end":{"line":95,"column":null}},"70":{"start":{"line":96,"column":6},"end":{"line":96,"column":null}},"71":{"start":{"line":97,"column":6},"end":{"line":97,"column":null}},"72":{"start":{"line":99,"column":4},"end":{"line":99,"column":null}},"73":{"start":{"line":100,"column":4},"end":{"line":100,"column":null}}},"fnMap":{"0":{"name":"initAudio","decl":{"start":{"line":9,"column":9},"end":{"line":9,"column":18}},"loc":{"start":{"line":9,"column":21},"end":{"line":18,"column":null}},"line":9},"1":{"name":"toggleMute","decl":{"start":{"line":20,"column":16},"end":{"line":20,"column":26}},"loc":{"start":{"line":20,"column":29},"end":{"line":23,"column":null}},"line":20},"2":{"name":"playSound","decl":{"start":{"line":25,"column":16},"end":{"line":25,"column":25}},"loc":{"start":{"line":25,"column":32},"end":{"line":102,"column":null}},"line":25}},"branchMap":{"0":{"loc":{"start":{"line":10,"column":2},"end":{"line":10,"column":null}},"type":"if","locations":[{"start":{"line":10,"column":2},"end":{"line":10,"column":null}},{"start":{},"end":{}}],"line":10},"1":{"loc":{"start":{"line":11,"column":2},"end":{"line":13,"column":null}},"type":"if","locations":[{"start":{"line":11,"column":2},"end":{"line":13,"column":null}},{"start":{},"end":{}}],"line":11},"2":{"loc":{"start":{"line":12,"column":20},"end":{"line":12,"column":68}},"type":"binary-expr","locations":[{"start":{"line":12,"column":20},"end":{"line":12,"column":39}},{"start":{"line":12,"column":43},"end":{"line":12,"column":68}}],"line":12},"3":{"loc":{"start":{"line":14,"column":2},"end":{"line":16,"column":null}},"type":"if","locations":[{"start":{"line":14,"column":2},"end":{"line":16,"column":null}},{"start":{},"end":{}}],"line":14},"4":{"loc":{"start":{"line":27,"column":2},"end":{"line":27,"column":null}},"type":"if","locations":[{"start":{"line":27,"column":2},"end":{"line":27,"column":null}},{"start":{},"end":{}}],"line":27},"5":{"loc":{"start":{"line":36,"column":2},"end":{"line":101,"column":null}},"type":"if","locations":[{"start":{"line":36,"column":2},"end":{"line":101,"column":null}},{"start":{"line":59,"column":9},"end":{"line":101,"column":null}}],"line":36},"6":{"loc":{"start":{"line":59,"column":9},"end":{"line":101,"column":null}},"type":"if","locations":[{"start":{"line":59,"column":9},"end":{"line":101,"column":null}},{"start":{"line":69,"column":9},"end":{"line":101,"column":null}}],"line":59},"7":{"loc":{"start":{"line":69,"column":9},"end":{"line":101,"column":null}},"type":"if","locations":[{"start":{"line":69,"column":9},"end":{"line":101,"column":null}},{"start":{"line":89,"column":9},"end":{"line":101,"column":null}}],"line":69},"8":{"loc":{"start":{"line":89,"column":9},"end":{"line":101,"column":null}},"type":"if","locations":[{"start":{"line":89,"column":9},"end":{"line":101,"column":null}},{"start":{},"end":{}}],"line":89}},"s":{"0":1,"1":1,"2":0,"3":0,"4":0,"5":0,"6":0,"7":0,"8":0,"9":0,"10":0,"11":0,"12":0,"13":0,"14":0,"15":0,"16":0,"17":0,"18":0,"19":0,"20":0,"21":0,"22":0,"23":0,"24":0,"25":0,"26":0,"27":0,"28":0,"29":0,"30":0,"31":0,"32":0,"33":0,"34":0,"35":0,"36":0,"37":0,"38":0,"39":0,"40":0,"41":0,"42":0,"43":0,"44":0,"45":0,"46":0,"47":0,"48":0,"49":0,"50":0,"51":0,"52":0,"53":0,"54":0,"55":0,"56":0,"57":0,"58":0,"59":0,"60":0,"61":0,"62":0,"63":0,"64":0,"65":0,"66":0,"67":0,"68":0,"69":0,"70":0,"71":0,"72":0,"73":0},"f":{"0":0,"1":0,"2":0},"b":{"0":[0,0],"1":[0,0],"2":[0,0],"3":[0,0],"4":[0,0],"5":[0,0],"6":[0,0],"7":[0,0],"8":[0,0]},"meta":{"lastBranch":9,"lastFunction":3,"lastStatement":74,"seen":{"s:6:15:6:19":0,"s:7:14:7:19":1,"f:9:9:9:18":0,"b:10:2:10:Infinity:undefined:undefined:undefined:undefined":0,"s:10:2:10:Infinity":2,"s:10:15:10:Infinity":3,"b:11:2:13:Infinity:undefined:undefined:undefined:undefined":1,"s:11:2:13:Infinity":4,"s:12:4:12:Infinity":5,"b:12:20:12:39:12:43:12:68":2,"b:14:2:16:Infinity:undefined:undefined:undefined:undefined":3,"s:14:2:16:Infinity":6,"s:15:4:15:Infinity":7,"s:17:2:17:Infinity":8,"f:20:16:20:26":1,"s:21:2:21:Infinity":9,"s:22:2:22:Infinity":10,"f:25:16:25:25":2,"s:26:14:26:25":11,"b:27:2:27:Infinity:undefined:undefined:undefined:undefined":4,"s:27:2:27:Infinity":12,"s:27:12:27:Infinity":13,"s:29:12:29:27":14,"s:30:14:30:36":15,"s:31:15:31:31":16,"s:33:2:33:Infinity":17,"s:34:2:34:Infinity":18,"b:36:2:101:Infinity:59:9:101:Infinity":5,"s:36:2:101:Infinity":19,"s:38:4:38:Infinity":20,"s:39:4:39:Infinity":21,"s:40:4:40:Infinity":22,"s:41:4:41:Infinity":23,"s:42:4:42:Infinity":24,"s:43:4:43:Infinity":25,"s:44:4:44:Infinity":26,"s:45:4:45:Infinity":27,"s:48:17:48:39":28,"s:49:18:49:34":29,"s:50:4:50:Infinity":30,"s:51:4:51:Infinity":31,"s:52:4:52:Infinity":32,"s:53:4:53:Infinity":33,"s:54:4:54:Infinity":34,"s:55:4:55:Infinity":35,"s:56:4:56:Infinity":36,"s:57:4:57:Infinity":37,"s:58:4:58:Infinity":38,"b:59:9:101:Infinity:69:9:101:Infinity":6,"s:59:9:101:Infinity":39,"s:61:4:61:Infinity":40,"s:62:4:62:Infinity":41,"s:63:4:63:Infinity":42,"s:64:4:64:Infinity":43,"s:65:4:65:Infinity":44,"s:66:4:66:Infinity":45,"s:67:4:67:Infinity":46,"s:68:4:68:Infinity":47,"b:69:9:101:Infinity:89:9:101:Infinity":7,"s:69:9:101:Infinity":48,"s:71:4:71:Infinity":49,"s:73:4:73:41":50,"s:74:4:74:Infinity":51,"s:75:4:75:Infinity":52,"s:76:4:76:Infinity":53,"s:78:4:78:51":54,"s:79:4:79:Infinity":55,"s:80:4:80:Infinity":56,"s:81:4:81:Infinity":57,"s:83:4:83:50":58,"s:84:4:84:Infinity":59,"s:85:4:85:Infinity":60,"s:86:4:86:Infinity":61,"s:87:4:87:Infinity":62,"s:88:4:88:Infinity":63,"b:89:9:101:Infinity:undefined:undefined:undefined:undefined":8,"s:89:9:101:Infinity":64,"s:91:4:91:Infinity":65,"s:92:4:92:Infinity":66,"s:94:4:98:Infinity":67,"s:94:17:94:18":68,"s:95:6:95:Infinity":69,"s:96:6:96:Infinity":70,"s:97:6:97:Infinity":71,"s:99:4:99:Infinity":72,"s:100:4:100:Infinity":73},"fnNames":{}}}
,"C:\\Users\\PC\\Desktop\\Carbon-Ledger\\src\\utils\\sanitize.js": {"path":"C:\\Users\\PC\\Desktop\\Carbon-Ledger\\src\\utils\\sanitize.js","statementMap":{"0":{"start":{"line":11,"column":2},"end":{"line":11,"column":null}},"1":{"start":{"line":11,"column":41},"end":{"line":11,"column":null}},"2":{"start":{"line":12,"column":2},"end":{"line":17,"column":null}}},"fnMap":{"0":{"name":"escapeHtml","decl":{"start":{"line":10,"column":16},"end":{"line":10,"column":26}},"loc":{"start":{"line":10,"column":32},"end":{"line":18,"column":null}},"line":10}},"branchMap":{"0":{"loc":{"start":{"line":11,"column":2},"end":{"line":11,"column":null}},"type":"if","locations":[{"start":{"line":11,"column":2},"end":{"line":11,"column":null}},{"start":{},"end":{}}],"line":11},"1":{"loc":{"start":{"line":11,"column":6},"end":{"line":11,"column":39}},"type":"binary-expr","locations":[{"start":{"line":11,"column":6},"end":{"line":11,"column":18}},{"start":{"line":11,"column":22},"end":{"line":11,"column":39}}],"line":11}},"s":{"0":2,"1":0,"2":2},"f":{"0":2},"b":{"0":[0,2],"1":[2,2]},"meta":{"lastBranch":2,"lastFunction":1,"lastStatement":3,"seen":{"f:10:16:10:26":0,"b:11:2:11:Infinity:undefined:undefined:undefined:undefined":0,"s:11:2:11:Infinity":0,"b:11:6:11:18:11:22:11:39":1,"s:11:41:11:Infinity":1,"s:12:2:17:Infinity":2},"fnNames":{}}}
}
